[2026-06-09 07:25:59.316] ======================================
[2026-06-09 07:25:59.317] INÍCIO DO DEBUG DA BALANÇA
[2026-06-09 07:25:59.319] ======================================
[2026-06-09 07:25:59.320] PORTA configurada: COM3
[2026-06-09 07:25:59.321] BAUDRATE configurado: 9600
[2026-06-09 07:25:59.322] INTERVALO_SEGUNDOS: 5
[2026-06-09 07:25:59.323] JANELA_LEITURA_SEGUNDOS: 2
[2026-06-09 07:25:59.323] === PORTAS SERIAIS DETECTADAS ===
[2026-06-09 07:25:59.337] Porta: COM1
[2026-06-09 07:25:59.338]   descrição: Communications Port (COM1)
[2026-06-09 07:25:59.340]   hwid: ACPI\PNP0501\0
[2026-06-09 07:25:59.340]   fabricante: (Tipos de porta padrão)
[2026-06-09 07:25:59.341]   produto: None
[2026-06-09 07:25:59.342]   serial_number: None
[2026-06-09 07:25:59.343] Porta: COM3
[2026-06-09 07:25:59.344]   descrição: USB Serial Port (COM3)
[2026-06-09 07:25:59.345]   hwid: USB VID:PID=0403:6001 SER=A9O5HZZNA
[2026-06-09 07:25:59.345]   fabricante: FTDI
[2026-06-09 07:25:59.347]   produto: None
[2026-06-09 07:25:59.348]   serial_number: A9O5HZZNA
[2026-06-09 07:25:59.348] Tentando abrir porta COM3 em 9600 bps...
[2026-06-09 07:25:59.356] Porta aberta com sucesso.
[2026-06-09 07:25:59.357] is_open: True
[2026-06-09 07:25:59.358] name: COM3
[2026-06-09 07:25:59.358] in_waiting inicial: 0
[2026-06-09 07:25:59.359] Buffers limpos com reset_input_buffer/reset_output_buffer.
[2026-06-09 07:25:59.360] --------------------------------------
[2026-06-09 07:25:59.360] CICLO 1
[2026-06-09 07:25:59.361] Iniciando janela de leitura de 2 segundos...
[2026-06-09 07:25:59.362] STATUS SERIAL | is_open=True | in_waiting=0 | out_waiting=0 | CTS=False | DSR=False | RI=False | CD=False
[2026-06-09 07:25:59.716] BLOCO RECEBIDO #1
[2026-06-09 07:25:59.718]   bytes: 18
[2026-06-09 07:25:59.722]   raw repr: b'ST,GS,+0000000kg\r\n'
[2026-06-09 07:25:59.725]   hex: 53 54 2c 47 53 2c 2b 30 30 30 30 30 30 30 6b 67 0d 0a
[2026-06-09 07:25:59.727]   ascii: 'ST,GS,+0000000kg\r\n'
[2026-06-09 07:26:00.032] BLOCO RECEBIDO #2
[2026-06-09 07:26:00.036]   bytes: 18
[2026-06-09 07:26:00.039]   raw repr: b'ST,GS,+0000000kg\r\n'
[2026-06-09 07:26:00.041]   hex: 53 54 2c 47 53 2c 2b 30 30 30 30 30 30 30 6b 67 0d 0a
[2026-06-09 07:26:00.044]   ascii: 'ST,GS,+0000000kg\r\n'
[2026-06-09 07:26:00.353] BLOCO RECEBIDO #3
[2026-06-09 07:26:00.355]   bytes: 16
[2026-06-09 07:26:00.360]   raw repr: b'ST,GS,+0000000kg'
[2026-06-09 07:26:00.362]   hex: 53 54 2c 47 53 2c 2b 30 30 30 30 30 30 30 6b 67
[2026-06-09 07:26:00.365]   ascii: 'ST,GS,+0000000kg'
[2026-06-09 07:26:00.419] BLOCO RECEBIDO #4
[2026-06-09 07:26:00.420]   bytes: 2
[2026-06-09 07:26:00.423]   raw repr: b'\r\n'
[2026-06-09 07:26:00.424]   hex: 0d 0a
[2026-06-09 07:26:00.426]   ascii: '\r\n'
[2026-06-09 07:26:00.679] BLOCO RECEBIDO #5
[2026-06-09 07:26:00.680]   bytes: 6
[2026-06-09 07:26:00.686]   raw repr: b'ST,GS,'
[2026-06-09 07:26:00.688]   hex: 53 54 2c 47 53 2c
[2026-06-09 07:26:00.691]   ascii: 'ST,GS,'
[2026-06-09 07:26:00.743] BLOCO RECEBIDO #6
[2026-06-09 07:26:00.744]   bytes: 12
[2026-06-09 07:26:00.747]   raw repr: b'+0000000kg\r\n'
[2026-06-09 07:26:00.750]   hex: 2b 30 30 30 30 30 30 30 6b 67 0d 0a
[2026-06-09 07:26:00.751]   ascii: '+0000000kg\r\n'
[2026-06-09 07:26:01.054] BLOCO RECEBIDO #7
[2026-06-09 07:26:01.055]   bytes: 18
[2026-06-09 07:26:01.058]   raw repr: b'ST,GS,+0000000kg\r\n'
[2026-06-09 07:26:01.060]   hex: 53 54 2c 47 53 2c 2b 30 30 30 30 30 30 30 6b 67 0d 0a
[2026-06-09 07:26:01.062]   ascii: 'ST,GS,+0000000kg\r\n'
[2026-06-09 07:26:01.367] Fim da janela. Total recebido: 90 bytes em 7 blocos.
[2026-06-09 07:26:01.374] STATUS SERIAL | is_open=True | in_waiting=18 | out_waiting=0 | CTS=False | DSR=False | RI=False | CD=False
[2026-06-09 07:26:01.388] Dados recebidos neste ciclo.
[2026-06-09 07:26:01.390] Total de bytes mudou em relação ao ciclo anterior: anterior=None, atual=90
[2026-06-09 07:26:01.393] Aguardando 5 segundos até próximo ciclo...
[2026-06-09 07:26:06.397] --------------------------------------
[2026-06-09 07:26:06.400] CICLO 2
[2026-06-09 07:26:06.406] Iniciando janela de leitura de 2 segundos...
[2026-06-09 07:26:06.411] STATUS SERIAL | is_open=True | in_waiting=288 | out_waiting=0 | CTS=False | DSR=False | RI=False | CD=False
[2026-06-09 07:26:06.418] BLOCO RECEBIDO #1
[2026-06-09 07:26:06.424]   bytes: 288
[2026-06-09 07:26:06.427]   raw repr: b'ST,GS,+0000000kg\r\nST,GS,+0000000kg\r\nST,GS,+0000000kg\r\nST,GS,+0000000kg\r\nST,GS,+0000000kg\r\nST,GS,+0000000kg\r\nST,GS,+0000000kg\r\nST,GS,+0000000kg\r\nST,GS,+0000000kg\r\nST,GS,+0000000kg\r\nST,GS,+0000000kg\r\nST,GS,+0000000kg\r\nST,GS,+0000000kg\r\nST,GS,+0000000kg\r\nST,GS,+0000000kg\r\nST,GS,+0000000kg\r\n'
[2026-06-09 07:26:06.430]   hex: 53 54 2c 47 53 2c 2b 30 30 30 30 30 30 30 6b 67 0d 0a 53 54 2c 47 53 2c 2b 30 30 30 30 30 30 30 6b 67 0d 0a 53 54 2c 47 53 2c 2b 30 30 30 30 30 30 30 6b 67 0d 0a 53 54 2c 47 53 2c 2b 30 30 30 30 30 30 30 6b 67 0d 0a 53 54 2c 47 53 2c 2b 30 30 30 30 30 30 30 6b 67 0d 0a 53 54 2c 47 53 2c 2b 30 30 30 30 30 30 30 6b 67 0d 0a 53 54 2c 47 53 2c 2b 30 30 30 30 30 30 30 6b 67 0d 0a 53 54 2c 47 53 2c 2b 30 30 30 30 30 30 30 6b 67 0d 0a 53 54 2c 47 53 2c 2b 30 30 30 30 30 30 30 6b 67 0d 0a 53 54 2c 47 53 2c 2b 30 30 30 30 30 30 30 6b 67 0d 0a 53 54 2c 47 53 2c 2b 30 30 30 30 30 30 30 6b 67 0d 0a 53 54 2c 47 53 2c 2b 30 30 30 30 30 30 30 6b 67 0d 0a 53 54 2c 47 53 2c 2b 30 30 30 30 30 30 30 6b 67 0d 0a 53 54 2c 47 53 2c 2b 30 30 30 30 30 30 30 6b 67 0d 0a 53 54 2c 47 53 2c 2b 30 30 30 30 30 30 30 6b 67 0d 0a 53 54 2c 47 53 2c 2b 30 30 30 30 30 30 30 6b 67 0d 0a
[2026-06-09 07:26:06.432]   ascii: 'ST,GS,+0000000kg\r\nST,GS,+0000000kg\r\nST,GS,+0000000kg\r\nST,GS,+0000000kg\r\nST,GS,+0000000kg\r\nST,GS,+0000000kg\r\nST,GS,+0000000kg\r\nST,GS,+0000000kg\r\nST,GS,+0000000kg\r\nST,GS,+0000000kg\r\nST,GS,+0000000kg\r\nST,GS,+0000000kg\r\nST,GS,+0000000kg\r\nST,GS,+0000000kg\r\nST,GS,+0000000kg\r\nST,GS,+0000000kg\r\n'
[2026-06-09 07:26:06.687] BLOCO RECEBIDO #2
[2026-06-09 07:26:06.688]   bytes: 12
[2026-06-09 07:26:06.691]   raw repr: b'ST,GS,+00000'
[2026-06-09 07:26:06.693]   hex: 53 54 2c 47 53 2c 2b 30 30 30 30 30
[2026-06-09 07:26:06.694]   ascii: 'ST,GS,+00000'
[2026-06-09 07:26:06.747] BLOCO RECEBIDO #3
[2026-06-09 07:26:06.747]   bytes: 6
[2026-06-09 07:26:06.749]   raw repr: b'00kg\r\n'
[2026-06-09 07:26:06.751]   hex: 30 30 6b 67 0d 0a
[2026-06-09 07:26:06.752]   ascii: '00kg\r\n'
[2026-06-09 07:26:07.005] BLOCO RECEBIDO #4
[2026-06-09 07:26:07.007]   bytes: 1
[2026-06-09 07:26:07.010]   raw repr: b'S'
[2026-06-09 07:26:07.012]   hex: 53
[2026-06-09 07:26:07.014]   ascii: 'S'
[2026-06-09 07:26:07.067] BLOCO RECEBIDO #5
[2026-06-09 07:26:07.068]   bytes: 17
[2026-06-09 07:26:07.069]   raw repr: b'T,GS,+0000000kg\r\n'
[2026-06-09 07:26:07.071]   hex: 54 2c 47 53 2c 2b 30 30 30 30 30 30 30 6b 67 0d 0a
[2026-06-09 07:26:07.072]   ascii: 'T,GS,+0000000kg\r\n'
[2026-06-09 07:26:07.375] BLOCO RECEBIDO #6
[2026-06-09 07:26:07.376]   bytes: 18
[2026-06-09 07:26:07.377]   raw repr: b'ST,GS,+0000000kg\r\n'
[2026-06-09 07:26:07.379]   hex: 53 54 2c 47 53 2c 2b 30 30 30 30 30 30 30 6b 67 0d 0a
[2026-06-09 07:26:07.380]   ascii: 'ST,GS,+0000000kg\r\n'
[2026-06-09 07:26:07.684] BLOCO RECEBIDO #7
[2026-06-09 07:26:07.685]   bytes: 7
[2026-06-09 07:26:07.686]   raw repr: b'ST,GS,+'
[2026-06-09 07:26:07.687]   hex: 53 54 2c 47 53 2c 2b
[2026-06-09 07:26:07.688]   ascii: 'ST,GS,+'
[2026-06-09 07:26:07.740] BLOCO RECEBIDO #8
[2026-06-09 07:26:07.741]   bytes: 11
[2026-06-09 07:26:07.745]   raw repr: b'0000000kg\r\n'
[2026-06-09 07:26:07.748]   hex: 30 30 30 30 30 30 30 6b 67 0d 0a
[2026-06-09 07:26:07.750]   ascii: '0000000kg\r\n'
[2026-06-09 07:26:08.055] BLOCO RECEBIDO #9
[2026-06-09 07:26:08.056]   bytes: 18
[2026-06-09 07:26:08.058]   raw repr: b'ST,GS,+0000000kg\r\n'
[2026-06-09 07:26:08.060]   hex: 53 54 2c 47 53 2c 2b 30 30 30 30 30 30 30 6b 67 0d 0a
[2026-06-09 07:26:08.061]   ascii: 'ST,GS,+0000000kg\r\n'
[2026-06-09 07:26:08.367] BLOCO RECEBIDO #10
[2026-06-09 07:26:08.368]   bytes: 18
[2026-06-09 07:26:08.370]   raw repr: b'ST,GS,+0000000kg\r\n'
[2026-06-09 07:26:08.371]   hex: 53 54 2c 47 53 2c 2b 30 30 30 30 30 30 30 6b 67 0d 0a
[2026-06-09 07:26:08.373]   ascii: 'ST,GS,+0000000kg\r\n'
[2026-06-09 07:26:08.424] Fim da janela. Total recebido: 396 bytes em 10 blocos.
[2026-06-09 07:26:08.425] STATUS SERIAL | is_open=True | in_waiting=0 | out_waiting=0 | CTS=False | DSR=False | RI=False | CD=False
[2026-06-09 07:26:08.426] Dados recebidos neste ciclo.
[2026-06-09 07:26:08.427] Total de bytes mudou em relação ao ciclo anterior: anterior=90, atual=396
[2026-06-09 07:26:08.428] Aguardando 5 segundos até próximo ciclo...
[2026-06-09 07:26:13.429] --------------------------------------
[2026-06-09 07:26:13.432] CICLO 3
[2026-06-09 07:26:13.436] Iniciando janela de leitura de 2 segundos...
[2026-06-09 07:26:13.439] STATUS SERIAL | is_open=True | in_waiting=270 | out_waiting=0 | CTS=False | DSR=False | RI=False | CD=False
[2026-06-09 07:26:13.443] BLOCO RECEBIDO #1
[2026-06-09 07:26:13.449]   bytes: 270
[2026-06-09 07:26:13.452]   raw repr: b'ST,GS,+0000000kg\r\nST,GS,+0000000kg\r\nST,GS,+0000000kg\r\nST,GS,+0000000kg\r\nST,GS,+0000000kg\r\nST,GS,+0000000kg\r\nST,GS,+0000000kg\r\nST,GS,+0000000kg\r\nST,GS,+0000000kg\r\nST,GS,+0000000kg\r\nST,GS,+0000000kg\r\nST,GS,+0000000kg\r\nST,GS,+0000000kg\r\nST,GS,+0000000kg\r\nST,GS,+0000000kg\r\n'
[2026-06-09 07:26:13.457]   hex: 53 54 2c 47 53 2c 2b 30 30 30 30 30 30 30 6b 67 0d 0a 53 54 2c 47 53 2c 2b 30 30 30 30 30 30 30 6b 67 0d 0a 53 54 2c 47 53 2c 2b 30 30 30 30 30 30 30 6b 67 0d 0a 53 54 2c 47 53 2c 2b 30 30 30 30 30 30 30 6b 67 0d 0a 53 54 2c 47 53 2c 2b 30 30 30 30 30 30 30 6b 67 0d 0a 53 54 2c 47 53 2c 2b 30 30 30 30 30 30 30 6b 67 0d 0a 53 54 2c 47 53 2c 2b 30 30 30 30 30 30 30 6b 67 0d 0a 53 54 2c 47 53 2c 2b 30 30 30 30 30 30 30 6b 67 0d 0a 53 54 2c 47 53 2c 2b 30 30 30 30 30 30 30 6b 67 0d 0a 53 54 2c 47 53 2c 2b 30 30 30 30 30 30 30 6b 67 0d 0a 53 54 2c 47 53 2c 2b 30 30 30 30 30 30 30 6b 67 0d 0a 53 54 2c 47 53 2c 2b 30 30 30 30 30 30 30 6b 67 0d 0a 53 54 2c 47 53 2c 2b 30 30 30 30 30 30 30 6b 67 0d 0a 53 54 2c 47 53 2c 2b 30 30 30 30 30 30 30 6b 67 0d 0a 53 54 2c 47 53 2c 2b 30 30 30 30 30 30 30 6b 67 0d 0a
[2026-06-09 07:26:13.464]   ascii: 'ST,GS,+0000000kg\r\nST,GS,+0000000kg\r\nST,GS,+0000000kg\r\nST,GS,+0000000kg\r\nST,GS,+0000000kg\r\nST,GS,+0000000kg\r\nST,GS,+0000000kg\r\nST,GS,+0000000kg\r\nST,GS,+0000000kg\r\nST,GS,+0000000kg\r\nST,GS,+0000000kg\r\nST,GS,+0000000kg\r\nST,GS,+0000000kg\r\nST,GS,+0000000kg\r\nST,GS,+0000000kg\r\n'
[2026-06-09 07:26:13.670] BLOCO RECEBIDO #2
[2026-06-09 07:26:13.678]   bytes: 1
[2026-06-09 07:26:13.683]   raw repr: b'S'
[2026-06-09 07:26:13.686]   hex: 53
[2026-06-09 07:26:13.689]   ascii: 'S'
[2026-06-09 07:26:13.742] BLOCO RECEBIDO #3
[2026-06-09 07:26:13.743]   bytes: 17
[2026-06-09 07:26:13.746]   raw repr: b'T,GS,+0000000kg\r\n'
[2026-06-09 07:26:13.748]   hex: 54 2c 47 53 2c 2b 30 30 30 30 30 30 30 6b 67 0d 0a
[2026-06-09 07:26:13.749]   ascii: 'T,GS,+0000000kg\r\n'
[2026-06-09 07:26:14.052] BLOCO RECEBIDO #4
[2026-06-09 07:26:14.053]   bytes: 18
[2026-06-09 07:26:14.054]   raw repr: b'ST,GS,+0000000kg\r\n'
[2026-06-09 07:26:14.055]   hex: 53 54 2c 47 53 2c 2b 30 30 30 30 30 30 30 6b 67 0d 0a
[2026-06-09 07:26:14.056]   ascii: 'ST,GS,+0000000kg\r\n'
[2026-06-09 07:26:14.360] BLOCO RECEBIDO #5
[2026-06-09 07:26:14.366]   bytes: 8
[2026-06-09 07:26:14.371]   raw repr: b'ST,GS,+0'
[2026-06-09 07:26:14.375]   hex: 53 54 2c 47 53 2c 2b 30
[2026-06-09 07:26:14.380]   ascii: 'ST,GS,+0'
[2026-06-09 07:26:14.435] BLOCO RECEBIDO #6
[2026-06-09 07:26:14.436]   bytes: 10
[2026-06-09 07:26:14.439]   raw repr: b'000000kg\r\n'
[2026-06-09 07:26:14.442]   hex: 30 30 30 30 30 30 6b 67 0d 0a
[2026-06-09 07:26:14.444]   ascii: '000000kg\r\n'
[2026-06-09 07:26:14.701] BLOCO RECEBIDO #7
[2026-06-09 07:26:14.702]   bytes: 18
[2026-06-09 07:26:14.703]   raw repr: b'ST,GS,+0000000kg\r\n'
[2026-06-09 07:26:14.705]   hex: 53 54 2c 47 53 2c 2b 30 30 30 30 30 30 30 6b 67 0d 0a
[2026-06-09 07:26:14.706]   ascii: 'ST,GS,+0000000kg\r\n'
[2026-06-09 07:26:15.011] BLOCO RECEBIDO #8
[2026-06-09 07:26:15.023]   bytes: 8
[2026-06-09 07:26:15.035]   raw repr: b'ST,GS,+0'
[2026-06-09 07:26:15.041]   hex: 53 54 2c 47 53 2c 2b 30
[2026-06-09 07:26:15.044]   ascii: 'ST,GS,+0'
[2026-06-09 07:26:15.095] BLOCO RECEBIDO #9
[2026-06-09 07:26:15.096]   bytes: 10
[2026-06-09 07:26:15.098]   raw repr: b'000000kg\r\n'
[2026-06-09 07:26:15.099]   hex: 30 30 30 30 30 30 6b 67 0d 0a
[2026-06-09 07:26:15.100]   ascii: '000000kg\r\n'
[2026-06-09 07:26:15.351] BLOCO RECEBIDO #10
[2026-06-09 07:26:15.353]   bytes: 18
[2026-06-09 07:26:15.357]   raw repr: b'ST,GS,+0000000kg\r\n'
[2026-06-09 07:26:15.360]   hex: 53 54 2c 47 53 2c 2b 30 30 30 30 30 30 30 6b 67 0d 0a
[2026-06-09 07:26:15.364]   ascii: 'ST,GS,+0000000kg\r\n'
[2026-06-09 07:26:15.469] Fim da janela. Total recebido: 378 bytes em 10 blocos.
[2026-06-09 07:26:15.471] STATUS SERIAL | is_open=True | in_waiting=0 | out_waiting=0 | CTS=False | DSR=False | RI=False | CD=False
[2026-06-09 07:26:15.473] Dados recebidos neste ciclo.
[2026-06-09 07:26:15.475] Total de bytes mudou em relação ao ciclo anterior: anterior=396, atual=378
[2026-06-09 07:26:15.477] Aguardando 5 segundos até próximo ciclo...
[2026-06-09 07:26:20.480] --------------------------------------
[2026-06-09 07:26:20.486] CICLO 4
[2026-06-09 07:26:20.489] Iniciando janela de leitura de 2 segundos...
[2026-06-09 07:26:20.492] STATUS SERIAL | is_open=True | in_waiting=270 | out_waiting=0 | CTS=False | DSR=False | RI=False | CD=False
[2026-06-09 07:26:20.495] BLOCO RECEBIDO #1
[2026-06-09 07:26:20.496]   bytes: 270
[2026-06-09 07:26:20.500]   raw repr: b'ST,GS,+0000000kg\r\nST,GS,+0000000kg\r\nST,GS,+0000000kg\r\nST,GS,+0000000kg\r\nST,GS,+0000000kg\r\nST,GS,+0000000kg\r\nST,GS,+0000000kg\r\nST,GS,+0000000kg\r\nST,GS,+0000000kg\r\nST,GS,+0000000kg\r\nST,GS,+0000000kg\r\nST,GS,+0000000kg\r\nST,GS,+0000000kg\r\nST,GS,+0000000kg\r\nST,GS,+0000000kg\r\n'
[2026-06-09 07:26:20.502]   hex: 53 54 2c 47 53 2c 2b 30 30 30 30 30 30 30 6b 67 0d 0a 53 54 2c 47 53 2c 2b 30 30 30 30 30 30 30 6b 67 0d 0a 53 54 2c 47 53 2c 2b 30 30 30 30 30 30 30 6b 67 0d 0a 53 54 2c 47 53 2c 2b 30 30 30 30 30 30 30 6b 67 0d 0a 53 54 2c 47 53 2c 2b 30 30 30 30 30 30 30 6b 67 0d 0a 53 54 2c 47 53 2c 2b 30 30 30 30 30 30 30 6b 67 0d 0a 53 54 2c 47 53 2c 2b 30 30 30 30 30 30 30 6b 67 0d 0a 53 54 2c 47 53 2c 2b 30 30 30 30 30 30 30 6b 67 0d 0a 53 54 2c 47 53 2c 2b 30 30 30 30 30 30 30 6b 67 0d 0a 53 54 2c 47 53 2c 2b 30 30 30 30 30 30 30 6b 67 0d 0a 53 54 2c 47 53 2c 2b 30 30 30 30 30 30 30 6b 67 0d 0a 53 54 2c 47 53 2c 2b 30 30 30 30 30 30 30 6b 67 0d 0a 53 54 2c 47 53 2c 2b 30 30 30 30 30 30 30 6b 67 0d 0a 53 54 2c 47 53 2c 2b 30 30 30 30 30 30 30 6b 67 0d 0a 53 54 2c 47 53 2c 2b 30 30 30 30 30 30 30 6b 67 0d 0a
[2026-06-09 07:26:20.505]   ascii: 'ST,GS,+0000000kg\r\nST,GS,+0000000kg\r\nST,GS,+0000000kg\r\nST,GS,+0000000kg\r\nST,GS,+0000000kg\r\nST,GS,+0000000kg\r\nST,GS,+0000000kg\r\nST,GS,+0000000kg\r\nST,GS,+0000000kg\r\nST,GS,+0000000kg\r\nST,GS,+0000000kg\r\nST,GS,+0000000kg\r\nST,GS,+0000000kg\r\nST,GS,+0000000kg\r\nST,GS,+0000000kg\r\n'
[2026-06-09 07:26:20.707] BLOCO RECEBIDO #2
[2026-06-09 07:26:20.710]   bytes: 18
[2026-06-09 07:26:20.715]   raw repr: b'ST,GS,+0000000kg\r\n'
[2026-06-09 07:26:20.719]   hex: 53 54 2c 47 53 2c 2b 30 30 30 30 30 30 30 6b 67 0d 0a
[2026-06-09 07:26:20.723]   ascii: 'ST,GS,+0000000kg\r\n'
[2026-06-09 07:26:21.028] BLOCO RECEBIDO #3
[2026-06-09 07:26:21.029]   bytes: 18
[2026-06-09 07:26:21.030]   raw repr: b'ST,GS,+0000000kg\r\n'
[2026-06-09 07:26:21.032]   hex: 53 54 2c 47 53 2c 2b 30 30 30 30 30 30 30 6b 67 0d 0a
[2026-06-09 07:26:21.033]   ascii: 'ST,GS,+0000000kg\r\n'
[2026-06-09 07:26:21.386] BLOCO RECEBIDO #4
[2026-06-09 07:26:21.388]   bytes: 18
[2026-06-09 07:26:21.393]   raw repr: b'ST,GS,+0000000kg\r\n'
[2026-06-09 07:26:21.396]   hex: 53 54 2c 47 53 2c 2b 30 30 30 30 30 30 30 6b 67 0d 0a
[2026-06-09 07:26:21.399]   ascii: 'ST,GS,+0000000kg\r\n'
[2026-06-09 07:26:21.705] BLOCO RECEBIDO #5
[2026-06-09 07:26:21.706]   bytes: 18
[2026-06-09 07:26:21.711]   raw repr: b'ST,GS,+0000000kg\r\n'
[2026-06-09 07:26:21.713]   hex: 53 54 2c 47 53 2c 2b 30 30 30 30 30 30 30 6b 67 0d 0a
[2026-06-09 07:26:21.715]   ascii: 'ST,GS,+0000000kg\r\n'
[2026-06-09 07:26:22.022] BLOCO RECEBIDO #6
[2026-06-09 07:26:22.023]   bytes: 18
[2026-06-09 07:26:22.027]   raw repr: b'ST,GS,+0000000kg\r\n'
[2026-06-09 07:26:22.029]   hex: 53 54 2c 47 53 2c 2b 30 30 30 30 30 30 30 6b 67 0d 0a
[2026-06-09 07:26:22.031]   ascii: 'ST,GS,+0000000kg\r\n'
[2026-06-09 07:26:22.386] BLOCO RECEBIDO #7
[2026-06-09 07:26:22.388]   bytes: 8
[2026-06-09 07:26:22.393]   raw repr: b'ST,GS,+0'
[2026-06-09 07:26:22.395]   hex: 53 54 2c 47 53 2c 2b 30
[2026-06-09 07:26:22.398]   ascii: 'ST,GS,+0'
[2026-06-09 07:26:22.501] Fim da janela. Total recebido: 368 bytes em 7 blocos.
[2026-06-09 07:26:22.504] STATUS SERIAL | is_open=True | in_waiting=10 | out_waiting=0 | CTS=False | DSR=False | RI=False | CD=False
[2026-06-09 07:26:22.508] Dados recebidos neste ciclo.
[2026-06-09 07:26:22.510] Total de bytes mudou em relação ao ciclo anterior: anterior=378, atual=368
[2026-06-09 07:26:22.512] Aguardando 5 segundos até próximo ciclo...
[2026-06-09 07:26:27.515] --------------------------------------
[2026-06-09 07:26:27.516] CICLO 5
[2026-06-09 07:26:27.517] Iniciando janela de leitura de 2 segundos...
[2026-06-09 07:26:27.519] STATUS SERIAL | is_open=True | in_waiting=270 | out_waiting=0 | CTS=False | DSR=False | RI=False | CD=False
[2026-06-09 07:26:27.520] BLOCO RECEBIDO #1
[2026-06-09 07:26:27.521]   bytes: 270
[2026-06-09 07:26:27.522]   raw repr: b'000000kg\r\nST,GS,+0000000kg\r\nST,GS,+0000000kg\r\nST,GS,+0000000kg\r\nST,GS,+0000000kg\r\nST,GS,+0000000kg\r\nST,GS,+0000000kg\r\nST,GS,+0000000kg\r\nST,GS,+0000000kg\r\nST,GS,+0000000kg\r\nST,GS,+0000000kg\r\nST,GS,+0000000kg\r\nST,GS,+0000000kg\r\nST,GS,+0000000kg\r\nST,GS,+0000000kg\r\nST,GS,+0'
[2026-06-09 07:26:27.523]   hex: 30 30 30 30 30 30 6b 67 0d 0a 53 54 2c 47 53 2c 2b 30 30 30 30 30 30 30 6b 67 0d 0a 53 54 2c 47 53 2c 2b 30 30 30 30 30 30 30 6b 67 0d 0a 53 54 2c 47 53 2c 2b 30 30 30 30 30 30 30 6b 67 0d 0a 53 54 2c 47 53 2c 2b 30 30 30 30 30 30 30 6b 67 0d 0a 53 54 2c 47 53 2c 2b 30 30 30 30 30 30 30 6b 67 0d 0a 53 54 2c 47 53 2c 2b 30 30 30 30 30 30 30 6b 67 0d 0a 53 54 2c 47 53 2c 2b 30 30 30 30 30 30 30 6b 67 0d 0a 53 54 2c 47 53 2c 2b 30 30 30 30 30 30 30 6b 67 0d 0a 53 54 2c 47 53 2c 2b 30 30 30 30 30 30 30 6b 67 0d 0a 53 54 2c 47 53 2c 2b 30 30 30 30 30 30 30 6b 67 0d 0a 53 54 2c 47 53 2c 2b 30 30 30 30 30 30 30 6b 67 0d 0a 53 54 2c 47 53 2c 2b 30 30 30 30 30 30 30 6b 67 0d 0a 53 54 2c 47 53 2c 2b 30 30 30 30 30 30 30 6b 67 0d 0a 53 54 2c 47 53 2c 2b 30 30 30 30 30 30 30 6b 67 0d 0a 53 54 2c 47 53 2c 2b 30
[2026-06-09 07:26:27.525]   ascii: '000000kg\r\nST,GS,+0000000kg\r\nST,GS,+0000000kg\r\nST,GS,+0000000kg\r\nST,GS,+0000000kg\r\nST,GS,+0000000kg\r\nST,GS,+0000000kg\r\nST,GS,+0000000kg\r\nST,GS,+0000000kg\r\nST,GS,+0000000kg\r\nST,GS,+0000000kg\r\nST,GS,+0000000kg\r\nST,GS,+0000000kg\r\nST,GS,+0000000kg\r\nST,GS,+0000000kg\r\nST,GS,+0'
[2026-06-09 07:26:27.628] BLOCO RECEBIDO #2
[2026-06-09 07:26:27.628]   bytes: 10
[2026-06-09 07:26:27.629]   raw repr: b'000000kg\r\n'
[2026-06-09 07:26:27.631]   hex: 30 30 30 30 30 30 6b 67 0d 0a
[2026-06-09 07:26:27.632]   ascii: '000000kg\r\n'
[2026-06-09 07:26:27.684] BLOCO RECEBIDO #3
[2026-06-09 07:26:27.685]   bytes: 5
[2026-06-09 07:26:27.686]   raw repr: b'ST,GS'
[2026-06-09 07:26:27.687]   hex: 53 54 2c 47 53
[2026-06-09 07:26:27.688]   ascii: 'ST,GS'
[2026-06-09 07:26:27.739] BLOCO RECEBIDO #4
[2026-06-09 07:26:27.740]   bytes: 13
[2026-06-09 07:26:27.741]   raw repr: b',+0000000kg\r\n'
[2026-06-09 07:26:27.743]   hex: 2c 2b 30 30 30 30 30 30 30 6b 67 0d 0a
[2026-06-09 07:26:27.744]   ascii: ',+0000000kg\r\n'
[2026-06-09 07:26:28.049] BLOCO RECEBIDO #5
[2026-06-09 07:26:28.050]   bytes: 18
[2026-06-09 07:26:28.051]   raw repr: b'ST,GS,+0000000kg\r\n'
[2026-06-09 07:26:28.053]   hex: 53 54 2c 47 53 2c 2b 30 30 30 30 30 30 30 6b 67 0d 0a
[2026-06-09 07:26:28.054]   ascii: 'ST,GS,+0000000kg\r\n'
[2026-06-09 07:26:28.359] BLOCO RECEBIDO #6
[2026-06-09 07:26:28.360]   bytes: 13
[2026-06-09 07:26:28.361]   raw repr: b'ST,GS,+000000'
[2026-06-09 07:26:28.363]   hex: 53 54 2c 47 53 2c 2b 30 30 30 30 30 30
[2026-06-09 07:26:28.363]   ascii: 'ST,GS,+000000'
[2026-06-09 07:26:28.415] BLOCO RECEBIDO #7
[2026-06-09 07:26:28.416]   bytes: 5
[2026-06-09 07:26:28.417]   raw repr: b'0kg\r\n'
[2026-06-09 07:26:28.419]   hex: 30 6b 67 0d 0a
[2026-06-09 07:26:28.420]   ascii: '0kg\r\n'
[2026-06-09 07:26:28.673] BLOCO RECEBIDO #8
[2026-06-09 07:26:28.675]   bytes: 1
[2026-06-09 07:26:28.676]   raw repr: b'S'
[2026-06-09 07:26:28.678]   hex: 53
[2026-06-09 07:26:28.679]   ascii: 'S'
[2026-06-09 07:26:28.730] BLOCO RECEBIDO #9
[2026-06-09 07:26:28.731]   bytes: 17
[2026-06-09 07:26:28.732]   raw repr: b'T,GS,+0000000kg\r\n'
[2026-06-09 07:26:28.734]   hex: 54 2c 47 53 2c 2b 30 30 30 30 30 30 30 6b 67 0d 0a
[2026-06-09 07:26:28.735]   ascii: 'T,GS,+0000000kg\r\n'
[2026-06-09 07:26:29.040] BLOCO RECEBIDO #10
[2026-06-09 07:26:29.041]   bytes: 18
[2026-06-09 07:26:29.042]   raw repr: b'ST,GS,+0000000kg\r\n'
[2026-06-09 07:26:29.044]   hex: 53 54 2c 47 53 2c 2b 30 30 30 30 30 30 30 6b 67 0d 0a
[2026-06-09 07:26:29.046]   ascii: 'ST,GS,+0000000kg\r\n'
[2026-06-09 07:26:29.351] BLOCO RECEBIDO #11
[2026-06-09 07:26:29.352]   bytes: 7
[2026-06-09 07:26:29.354]   raw repr: b'ST,GS,+'
[2026-06-09 07:26:29.355]   hex: 53 54 2c 47 53 2c 2b
[2026-06-09 07:26:29.356]   ascii: 'ST,GS,+'
[2026-06-09 07:26:29.407] BLOCO RECEBIDO #12
[2026-06-09 07:26:29.408]   bytes: 11
[2026-06-09 07:26:29.409]   raw repr: b'0000000kg\r\n'
[2026-06-09 07:26:29.411]   hex: 30 30 30 30 30 30 30 6b 67 0d 0a
[2026-06-09 07:26:29.412]   ascii: '0000000kg\r\n'
[2026-06-09 07:26:29.564] Fim da janela. Total recebido: 388 bytes em 12 blocos.
[2026-06-09 07:26:29.565] STATUS SERIAL | is_open=True | in_waiting=0 | out_waiting=0 | CTS=False | DSR=False | RI=False | CD=False
[2026-06-09 07:26:29.567] Dados recebidos neste ciclo.
[2026-06-09 07:26:29.568] Total de bytes mudou em relação ao ciclo anterior: anterior=368, atual=388
[2026-06-09 07:26:29.569] Aguardando 5 segundos até próximo ciclo...
[2026-06-09 07:26:34.571] --------------------------------------
[2026-06-09 07:26:34.573] CICLO 6
[2026-06-09 07:26:34.580] Iniciando janela de leitura de 2 segundos...
[2026-06-09 07:26:34.586] STATUS SERIAL | is_open=True | in_waiting=270 | out_waiting=0 | CTS=False | DSR=False | RI=False | CD=False
[2026-06-09 07:26:34.589] BLOCO RECEBIDO #1
[2026-06-09 07:26:34.594]   bytes: 270
[2026-06-09 07:26:34.597]   raw repr: b'ST,GS,+0000000kg\r\nST,GS,+0000000kg\r\nST,GS,+0000000kg\r\nST,GS,+0000000kg\r\nST,GS,+0000000kg\r\nST,GS,+0000000kg\r\nST,GS,+0000000kg\r\nST,GS,+0000000kg\r\nST,GS,+0000000kg\r\nST,GS,+0000000kg\r\nST,GS,+0000000kg\r\nST,GS,+0000000kg\r\nST,GS,+0000000kg\r\nST,GS,+0000000kg\r\nST,GS,+0000000kg\r\n'
[2026-06-09 07:26:34.602]   hex: 53 54 2c 47 53 2c 2b 30 30 30 30 30 30 30 6b 67 0d 0a 53 54 2c 47 53 2c 2b 30 30 30 30 30 30 30 6b 67 0d 0a 53 54 2c 47 53 2c 2b 30 30 30 30 30 30 30 6b 67 0d 0a 53 54 2c 47 53 2c 2b 30 30 30 30 30 30 30 6b 67 0d 0a 53 54 2c 47 53 2c 2b 30 30 30 30 30 30 30 6b 67 0d 0a 53 54 2c 47 53 2c 2b 30 30 30 30 30 30 30 6b 67 0d 0a 53 54 2c 47 53 2c 2b 30 30 30 30 30 30 30 6b 67 0d 0a 53 54 2c 47 53 2c 2b 30 30 30 30 30 30 30 6b 67 0d 0a 53 54 2c 47 53 2c 2b 30 30 30 30 30 30 30 6b 67 0d 0a 53 54 2c 47 53 2c 2b 30 30 30 30 30 30 30 6b 67 0d 0a 53 54 2c 47 53 2c 2b 30 30 30 30 30 30 30 6b 67 0d 0a 53 54 2c 47 53 2c 2b 30 30 30 30 30 30 30 6b 67 0d 0a 53 54 2c 47 53 2c 2b 30 30 30 30 30 30 30 6b 67 0d 0a 53 54 2c 47 53 2c 2b 30 30 30 30 30 30 30 6b 67 0d 0a 53 54 2c 47 53 2c 2b 30 30 30 30 30 30 30 6b 67 0d 0a
[2026-06-09 07:26:34.604]   ascii: 'ST,GS,+0000000kg\r\nST,GS,+0000000kg\r\nST,GS,+0000000kg\r\nST,GS,+0000000kg\r\nST,GS,+0000000kg\r\nST,GS,+0000000kg\r\nST,GS,+0000000kg\r\nST,GS,+0000000kg\r\nST,GS,+0000000kg\r\nST,GS,+0000000kg\r\nST,GS,+0000000kg\r\nST,GS,+0000000kg\r\nST,GS,+0000000kg\r\nST,GS,+0000000kg\r\nST,GS,+0000000kg\r\n'
[2026-06-09 07:26:34.707] BLOCO RECEBIDO #2
[2026-06-09 07:26:34.708]   bytes: 18
[2026-06-09 07:26:34.711]   raw repr: b'ST,GS,+0000000kg\r\n'
[2026-06-09 07:26:34.712]   hex: 53 54 2c 47 53 2c 2b 30 30 30 30 30 30 30 6b 67 0d 0a
[2026-06-09 07:26:34.714]   ascii: 'ST,GS,+0000000kg\r\n'
[2026-06-09 07:26:35.017] BLOCO RECEBIDO #3
[2026-06-09 07:26:35.018]   bytes: 10
[2026-06-09 07:26:35.021]   raw repr: b'ST,GS,+000'
[2026-06-09 07:26:35.022]   hex: 53 54 2c 47 53 2c 2b 30 30 30
[2026-06-09 07:26:35.023]   ascii: 'ST,GS,+000'
[2026-06-09 07:26:35.075] BLOCO RECEBIDO #4
[2026-06-09 07:26:35.076]   bytes: 8
[2026-06-09 07:26:35.078]   raw repr: b'0000kg\r\n'
[2026-06-09 07:26:35.080]   hex: 30 30 30 30 6b 67 0d 0a
[2026-06-09 07:26:35.081]   ascii: '0000kg\r\n'
[2026-06-09 07:26:35.386] BLOCO RECEBIDO #5
[2026-06-09 07:26:35.388]   bytes: 18
[2026-06-09 07:26:35.397]   raw repr: b'ST,GS,+0000000kg\r\n'
[2026-06-09 07:26:35.402]   hex: 53 54 2c 47 53 2c 2b 30 30 30 30 30 30 30 6b 67 0d 0a
[2026-06-09 07:26:35.410]   ascii: 'ST,GS,+0000000kg\r\n'
[2026-06-09 07:26:35.671] BLOCO RECEBIDO #6
[2026-06-09 07:26:35.672]   bytes: 1
[2026-06-09 07:26:35.674]   raw repr: b'S'
[2026-06-09 07:26:35.675]   hex: 53
[2026-06-09 07:26:35.676]   ascii: 'S'
[2026-06-09 07:26:35.726] BLOCO RECEBIDO #7
[2026-06-09 07:26:35.727]   bytes: 17
[2026-06-09 07:26:35.729]   raw repr: b'T,GS,+0000000kg\r\n'
[2026-06-09 07:26:35.730]   hex: 54 2c 47 53 2c 2b 30 30 30 30 30 30 30 6b 67 0d 0a
[2026-06-09 07:26:35.730]   ascii: 'T,GS,+0000000kg\r\n'
[2026-06-09 07:26:36.034] BLOCO RECEBIDO #8
[2026-06-09 07:26:36.034]   bytes: 18
[2026-06-09 07:26:36.037]   raw repr: b'ST,GS,+0000000kg\r\n'
[2026-06-09 07:26:36.039]   hex: 53 54 2c 47 53 2c 2b 30 30 30 30 30 30 30 6b 67 0d 0a
[2026-06-09 07:26:36.041]   ascii: 'ST,GS,+0000000kg\r\n'
[2026-06-09 07:26:36.347] BLOCO RECEBIDO #9
[2026-06-09 07:26:36.348]   bytes: 15
[2026-06-09 07:26:36.350]   raw repr: b'ST,GS,+0000000k'
[2026-06-09 07:26:36.351]   hex: 53 54 2c 47 53 2c 2b 30 30 30 30 30 30 30 6b
[2026-06-09 07:26:36.352]   ascii: 'ST,GS,+0000000k'
[2026-06-09 07:26:36.404] BLOCO RECEBIDO #10
[2026-06-09 07:26:36.406]   bytes: 3
[2026-06-09 07:26:36.411]   raw repr: b'g\r\n'
[2026-06-09 07:26:36.412]   hex: 67 0d 0a
[2026-06-09 07:26:36.412]   ascii: 'g\r\n'
[2026-06-09 07:26:36.615] Fim da janela. Total recebido: 378 bytes em 10 blocos.
[2026-06-09 07:26:36.618] STATUS SERIAL | is_open=True | in_waiting=0 | out_waiting=0 | CTS=False | DSR=False | RI=False | CD=False
[2026-06-09 07:26:36.622] Dados recebidos neste ciclo.
[2026-06-09 07:26:36.624] Total de bytes mudou em relação ao ciclo anterior: anterior=388, atual=378
[2026-06-09 07:26:36.626] Aguardando 5 segundos até próximo ciclo...
[2026-06-09 07:26:41.628] --------------------------------------
[2026-06-09 07:26:41.630] CICLO 7
[2026-06-09 07:26:41.635] Iniciando janela de leitura de 2 segundos...
[2026-06-09 07:26:41.638] STATUS SERIAL | is_open=True | in_waiting=270 | out_waiting=0 | CTS=False | DSR=False | RI=False | CD=False
[2026-06-09 07:26:41.641] BLOCO RECEBIDO #1
[2026-06-09 07:26:41.645]   bytes: 270
[2026-06-09 07:26:41.647]   raw repr: b'ST,GS,+0000000kg\r\nST,GS,+0000000kg\r\nST,GS,+0000000kg\r\nST,GS,+0000000kg\r\nST,GS,+0000000kg\r\nST,GS,+0000000kg\r\nST,GS,+0000000kg\r\nST,GS,+0000000kg\r\nST,GS,+0000000kg\r\nST,GS,+0000000kg\r\nST,GS,+0000000kg\r\nST,GS,+0000000kg\r\nST,GS,+0000000kg\r\nST,GS,+0000000kg\r\nST,GS,+0000000kg\r\n'
[2026-06-09 07:26:41.651]   hex: 53 54 2c 47 53 2c 2b 30 30 30 30 30 30 30 6b 67 0d 0a 53 54 2c 47 53 2c 2b 30 30 30 30 30 30 30 6b 67 0d 0a 53 54 2c 47 53 2c 2b 30 30 30 30 30 30 30 6b 67 0d 0a 53 54 2c 47 53 2c 2b 30 30 30 30 30 30 30 6b 67 0d 0a 53 54 2c 47 53 2c 2b 30 30 30 30 30 30 30 6b 67 0d 0a 53 54 2c 47 53 2c 2b 30 30 30 30 30 30 30 6b 67 0d 0a 53 54 2c 47 53 2c 2b 30 30 30 30 30 30 30 6b 67 0d 0a 53 54 2c 47 53 2c 2b 30 30 30 30 30 30 30 6b 67 0d 0a 53 54 2c 47 53 2c 2b 30 30 30 30 30 30 30 6b 67 0d 0a 53 54 2c 47 53 2c 2b 30 30 30 30 30 30 30 6b 67 0d 0a 53 54 2c 47 53 2c 2b 30 30 30 30 30 30 30 6b 67 0d 0a 53 54 2c 47 53 2c 2b 30 30 30 30 30 30 30 6b 67 0d 0a 53 54 2c 47 53 2c 2b 30 30 30 30 30 30 30 6b 67 0d 0a 53 54 2c 47 53 2c 2b 30 30 30 30 30 30 30 6b 67 0d 0a 53 54 2c 47 53 2c 2b 30 30 30 30 30 30 30 6b 67 0d 0a
[2026-06-09 07:26:41.654]   ascii: 'ST,GS,+0000000kg\r\nST,GS,+0000000kg\r\nST,GS,+0000000kg\r\nST,GS,+0000000kg\r\nST,GS,+0000000kg\r\nST,GS,+0000000kg\r\nST,GS,+0000000kg\r\nST,GS,+0000000kg\r\nST,GS,+0000000kg\r\nST,GS,+0000000kg\r\nST,GS,+0000000kg\r\nST,GS,+0000000kg\r\nST,GS,+0000000kg\r\nST,GS,+0000000kg\r\nST,GS,+0000000kg\r\n'
[2026-06-09 07:26:41.716] BLOCO RECEBIDO #2
[2026-06-09 07:26:41.717]   bytes: 18
[2026-06-09 07:26:41.718]   raw repr: b'ST,GS,+0000000kg\r\n'
[2026-06-09 07:26:41.719]   hex: 53 54 2c 47 53 2c 2b 30 30 30 30 30 30 30 6b 67 0d 0a
[2026-06-09 07:26:41.720]   ascii: 'ST,GS,+0000000kg\r\n'
[2026-06-09 07:26:42.025] BLOCO RECEBIDO #3
[2026-06-09 07:26:42.027]   bytes: 18
[2026-06-09 07:26:42.033]   raw repr: b'ST,GS,+0000000kg\r\n'
[2026-06-09 07:26:42.037]   hex: 53 54 2c 47 53 2c 2b 30 30 30 30 30 30 30 6b 67 0d 0a
[2026-06-09 07:26:42.042]   ascii: 'ST,GS,+0000000kg\r\n'
[2026-06-09 07:26:42.401] BLOCO RECEBIDO #4
[2026-06-09 07:26:42.402]   bytes: 18
[2026-06-09 07:26:42.404]   raw repr: b'ST,GS,+0000000kg\r\n'
[2026-06-09 07:26:42.405]   hex: 53 54 2c 47 53 2c 2b 30 30 30 30 30 30 30 6b 67 0d 0a
[2026-06-09 07:26:42.409]   ascii: 'ST,GS,+0000000kg\r\n'
[2026-06-09 07:26:42.712] BLOCO RECEBIDO #5
[2026-06-09 07:26:42.713]   bytes: 18
[2026-06-09 07:26:42.714]   raw repr: b'ST,GS,+0000000kg\r\n'
[2026-06-09 07:26:42.715]   hex: 53 54 2c 47 53 2c 2b 30 30 30 30 30 30 30 6b 67 0d 0a
[2026-06-09 07:26:42.716]   ascii: 'ST,GS,+0000000kg\r\n'
[2026-06-09 07:26:43.019] BLOCO RECEBIDO #6
[2026-06-09 07:26:43.019]   bytes: 9
[2026-06-09 07:26:43.021]   raw repr: b'ST,GS,+00'
[2026-06-09 07:26:43.021]   hex: 53 54 2c 47 53 2c 2b 30 30
[2026-06-09 07:26:43.022]   ascii: 'ST,GS,+00'
[2026-06-09 07:26:43.073] BLOCO RECEBIDO #7
[2026-06-09 07:26:43.075]   bytes: 9
[2026-06-09 07:26:43.077]   raw repr: b'00000kg\r\n'
[2026-06-09 07:26:43.079]   hex: 30 30 30 30 30 6b 67 0d 0a
[2026-06-09 07:26:43.080]   ascii: '00000kg\r\n'
[2026-06-09 07:26:43.385] BLOCO RECEBIDO #8
[2026-06-09 07:26:43.386]   bytes: 18
[2026-06-09 07:26:43.390]   raw repr: b'ST,GS,+0000000kg\r\n'
[2026-06-09 07:26:43.392]   hex: 53 54 2c 47 53 2c 2b 30 30 30 30 30 30 30 6b 67 0d 0a
[2026-06-09 07:26:43.394]   ascii: 'ST,GS,+0000000kg\r\n'
[2026-06-09 07:26:43.649] Fim da janela. Total recebido: 378 bytes em 8 blocos.
[2026-06-09 07:26:43.652] STATUS SERIAL | is_open=True | in_waiting=0 | out_waiting=0 | CTS=False | DSR=False | RI=False | CD=False
[2026-06-09 07:26:43.655] Dados recebidos neste ciclo.
[2026-06-09 07:26:43.657] Total de bytes igual ao ciclo anterior: 378
[2026-06-09 07:26:43.661] Aguardando 5 segundos até próximo ciclo...
[2026-06-09 07:26:48.665] --------------------------------------
[2026-06-09 07:26:48.666] CICLO 8
[2026-06-09 07:26:48.671] Iniciando janela de leitura de 2 segundos...
[2026-06-09 07:26:48.674] STATUS SERIAL | is_open=True | in_waiting=273 | out_waiting=0 | CTS=False | DSR=False | RI=False | CD=False
[2026-06-09 07:26:48.677] BLOCO RECEBIDO #1
[2026-06-09 07:26:48.678]   bytes: 273
[2026-06-09 07:26:48.682]   raw repr: b'ST,GS,+0000000kg\r\nST,GS,+0000000kg\r\nST,GS,+0000000kg\r\nST,GS,+0000000kg\r\nST,GS,+0000000kg\r\nST,GS,+0000000kg\r\nST,GS,+0000000kg\r\nST,GS,+0000000kg\r\nST,GS,+0000000kg\r\nST,GS,+0000000kg\r\nST,GS,+0000000kg\r\nST,GS,+0000000kg\r\nST,GS,+0000000kg\r\nST,GS,+0000000kg\r\nST,GS,+0000000kg\r\nST,'
[2026-06-09 07:26:48.685]   hex: 53 54 2c 47 53 2c 2b 30 30 30 30 30 30 30 6b 67 0d 0a 53 54 2c 47 53 2c 2b 30 30 30 30 30 30 30 6b 67 0d 0a 53 54 2c 47 53 2c 2b 30 30 30 30 30 30 30 6b 67 0d 0a 53 54 2c 47 53 2c 2b 30 30 30 30 30 30 30 6b 67 0d 0a 53 54 2c 47 53 2c 2b 30 30 30 30 30 30 30 6b 67 0d 0a 53 54 2c 47 53 2c 2b 30 30 30 30 30 30 30 6b 67 0d 0a 53 54 2c 47 53 2c 2b 30 30 30 30 30 30 30 6b 67 0d 0a 53 54 2c 47 53 2c 2b 30 30 30 30 30 30 30 6b 67 0d 0a 53 54 2c 47 53 2c 2b 30 30 30 30 30 30 30 6b 67 0d 0a 53 54 2c 47 53 2c 2b 30 30 30 30 30 30 30 6b 67 0d 0a 53 54 2c 47 53 2c 2b 30 30 30 30 30 30 30 6b 67 0d 0a 53 54 2c 47 53 2c 2b 30 30 30 30 30 30 30 6b 67 0d 0a 53 54 2c 47 53 2c 2b 30 30 30 30 30 30 30 6b 67 0d 0a 53 54 2c 47 53 2c 2b 30 30 30 30 30 30 30 6b 67 0d 0a 53 54 2c 47 53 2c 2b 30 30 30 30 30 30 30 6b 67 0d 0a 53 54 2c
[2026-06-09 07:26:48.690]   ascii: 'ST,GS,+0000000kg\r\nST,GS,+0000000kg\r\nST,GS,+0000000kg\r\nST,GS,+0000000kg\r\nST,GS,+0000000kg\r\nST,GS,+0000000kg\r\nST,GS,+0000000kg\r\nST,GS,+0000000kg\r\nST,GS,+0000000kg\r\nST,GS,+0000000kg\r\nST,GS,+0000000kg\r\nST,GS,+0000000kg\r\nST,GS,+0000000kg\r\nST,GS,+0000000kg\r\nST,GS,+0000000kg\r\nST,'
[2026-06-09 07:26:48.744] BLOCO RECEBIDO #2
[2026-06-09 07:26:48.744]   bytes: 15
[2026-06-09 07:26:48.746]   raw repr: b'GS,+0000000kg\r\n'
[2026-06-09 07:26:48.747]   hex: 47 53 2c 2b 30 30 30 30 30 30 30 6b 67 0d 0a
[2026-06-09 07:26:48.748]   ascii: 'GS,+0000000kg\r\n'
[2026-06-09 07:26:49.051] BLOCO RECEBIDO #3
[2026-06-09 07:26:49.052]   bytes: 18
[2026-06-09 07:26:49.057]   raw repr: b'ST,GS,+0000000kg\r\n'
[2026-06-09 07:26:49.060]   hex: 53 54 2c 47 53 2c 2b 30 30 30 30 30 30 30 6b 67 0d 0a
[2026-06-09 07:26:49.063]   ascii: 'ST,GS,+0000000kg\r\n'
[2026-06-09 07:26:49.368] BLOCO RECEBIDO #4
[2026-06-09 07:26:49.369]   bytes: 18
[2026-06-09 07:26:49.374]   raw repr: b'ST,GS,+0000000kg\r\n'
[2026-06-09 07:26:49.376]   hex: 53 54 2c 47 53 2c 2b 30 30 30 30 30 30 30 6b 67 0d 0a
[2026-06-09 07:26:49.378]   ascii: 'ST,GS,+0000000kg\r\n'
[2026-06-09 07:26:49.684] BLOCO RECEBIDO #5
[2026-06-09 07:26:49.686]   bytes: 8
[2026-06-09 07:26:49.690]   raw repr: b'ST,GS,+0'
[2026-06-09 07:26:49.692]   hex: 53 54 2c 47 53 2c 2b 30
[2026-06-09 07:26:49.695]   ascii: 'ST,GS,+0'
[2026-06-09 07:26:49.749] BLOCO RECEBIDO #6
[2026-06-09 07:26:49.750]   bytes: 10
[2026-06-09 07:26:49.754]   raw repr: b'000000kg\r\n'
[2026-06-09 07:26:49.756]   hex: 30 30 30 30 30 30 6b 67 0d 0a
[2026-06-09 07:26:49.759]   ascii: '000000kg\r\n'
[2026-06-09 07:26:50.014] BLOCO RECEBIDO #7
[2026-06-09 07:26:50.015]   bytes: 15
[2026-06-09 07:26:50.020]   raw repr: b'ST,GS,+0000000k'
[2026-06-09 07:26:50.023]   hex: 53 54 2c 47 53 2c 2b 30 30 30 30 30 30 30 6b
[2026-06-09 07:26:50.026]   ascii: 'ST,GS,+0000000k'
[2026-06-09 07:26:50.078] BLOCO RECEBIDO #8
[2026-06-09 07:26:50.079]   bytes: 3
[2026-06-09 07:26:50.084]   raw repr: b'g\r\n'
[2026-06-09 07:26:50.086]   hex: 67 0d 0a
[2026-06-09 07:26:50.088]   ascii: 'g\r\n'
[2026-06-09 07:26:50.344] BLOCO RECEBIDO #9
[2026-06-09 07:26:50.345]   bytes: 2
[2026-06-09 07:26:50.347]   raw repr: b'ST'
[2026-06-09 07:26:50.350]   hex: 53 54
[2026-06-09 07:26:50.351]   ascii: 'ST'
[2026-06-09 07:26:50.403] BLOCO RECEBIDO #10
[2026-06-09 07:26:50.404]   bytes: 16
[2026-06-09 07:26:50.406]   raw repr: b',GS,+0000000kg\r\n'
[2026-06-09 07:26:50.407]   hex: 2c 47 53 2c 2b 30 30 30 30 30 30 30 6b 67 0d 0a
[2026-06-09 07:26:50.409]   ascii: ',GS,+0000000kg\r\n'
[2026-06-09 07:26:50.712] Fim da janela. Total recebido: 378 bytes em 10 blocos.
[2026-06-09 07:26:50.715] STATUS SERIAL | is_open=True | in_waiting=18 | out_waiting=0 | CTS=False | DSR=False | RI=False | CD=False
[2026-06-09 07:26:50.719] Dados recebidos neste ciclo.
[2026-06-09 07:26:50.721] Total de bytes igual ao ciclo anterior: 378
[2026-06-09 07:26:50.724] Aguardando 5 segundos até próximo ciclo...
[2026-06-09 07:26:55.727] --------------------------------------
[2026-06-09 07:26:55.729] CICLO 9
[2026-06-09 07:26:55.734] Iniciando janela de leitura de 2 segundos...
[2026-06-09 07:26:55.737] STATUS SERIAL | is_open=True | in_waiting=288 | out_waiting=0 | CTS=False | DSR=False | RI=False | CD=False
[2026-06-09 07:26:55.740] BLOCO RECEBIDO #1
[2026-06-09 07:26:55.745]   bytes: 288
[2026-06-09 07:26:55.747]   raw repr: b'ST,GS,+0000000kg\r\nST,GS,+0000000kg\r\nST,GS,+0000000kg\r\nST,GS,+0000000kg\r\nST,GS,+0000000kg\r\nST,GS,+0000000kg\r\nST,GS,+0000000kg\r\nST,GS,+0000000kg\r\nST,GS,+0000000kg\r\nST,GS,+0000000kg\r\nST,GS,+0000000kg\r\nST,GS,+0000000kg\r\nST,GS,+0000000kg\r\nST,GS,+0000000kg\r\nST,GS,+0000000kg\r\nST,GS,+0000000kg\r\n'
[2026-06-09 07:26:55.749]   hex: 53 54 2c 47 53 2c 2b 30 30 30 30 30 30 30 6b 67 0d 0a 53 54 2c 47 53 2c 2b 30 30 30 30 30 30 30 6b 67 0d 0a 53 54 2c 47 53 2c 2b 30 30 30 30 30 30 30 6b 67 0d 0a 53 54 2c 47 53 2c 2b 30 30 30 30 30 30 30 6b 67 0d 0a 53 54 2c 47 53 2c 2b 30 30 30 30 30 30 30 6b 67 0d 0a 53 54 2c 47 53 2c 2b 30 30 30 30 30 30 30 6b 67 0d 0a 53 54 2c 47 53 2c 2b 30 30 30 30 30 30 30 6b 67 0d 0a 53 54 2c 47 53 2c 2b 30 30 30 30 30 30 30 6b 67 0d 0a 53 54 2c 47 53 2c 2b 30 30 30 30 30 30 30 6b 67 0d 0a 53 54 2c 47 53 2c 2b 30 30 30 30 30 30 30 6b 67 0d 0a 53 54 2c 47 53 2c 2b 30 30 30 30 30 30 30 6b 67 0d 0a 53 54 2c 47 53 2c 2b 30 30 30 30 30 30 30 6b 67 0d 0a 53 54 2c 47 53 2c 2b 30 30 30 30 30 30 30 6b 67 0d 0a 53 54 2c 47 53 2c 2b 30 30 30 30 30 30 30 6b 67 0d 0a 53 54 2c 47 53 2c 2b 30 30 30 30 30 30 30 6b 67 0d 0a 53 54 2c 47 53 2c 2b 30 30 30 30 30 30 30 6b 67 0d 0a
[2026-06-09 07:26:55.750]   ascii: 'ST,GS,+0000000kg\r\nST,GS,+0000000kg\r\nST,GS,+0000000kg\r\nST,GS,+0000000kg\r\nST,GS,+0000000kg\r\nST,GS,+0000000kg\r\nST,GS,+0000000kg\r\nST,GS,+0000000kg\r\nST,GS,+0000000kg\r\nST,GS,+0000000kg\r\nST,GS,+0000000kg\r\nST,GS,+0000000kg\r\nST,GS,+0000000kg\r\nST,GS,+0000000kg\r\nST,GS,+0000000kg\r\nST,GS,+0000000kg\r\n'
[2026-06-09 07:26:56.004] BLOCO RECEBIDO #2
[2026-06-09 07:26:56.006]   bytes: 2
[2026-06-09 07:26:56.010]   raw repr: b'ST'
[2026-06-09 07:26:56.012]   hex: 53 54
[2026-06-09 07:26:56.015]   ascii: 'ST'
[2026-06-09 07:26:56.067] BLOCO RECEBIDO #3
[2026-06-09 07:26:56.069]   bytes: 16
[2026-06-09 07:26:56.073]   raw repr: b',GS,+0000000kg\r\n'
[2026-06-09 07:26:56.076]   hex: 2c 47 53 2c 2b 30 30 30 30 30 30 30 6b 67 0d 0a
[2026-06-09 07:26:56.078]   ascii: ',GS,+0000000kg\r\n'
[2026-06-09 07:26:56.337] BLOCO RECEBIDO #4
[2026-06-09 07:26:56.338]   bytes: 7
[2026-06-09 07:26:56.343]   raw repr: b'ST,GS,+'
[2026-06-09 07:26:56.345]   hex: 53 54 2c 47 53 2c 2b
[2026-06-09 07:26:56.348]   ascii: 'ST,GS,+'
[2026-06-09 07:26:56.399] BLOCO RECEBIDO #5
[2026-06-09 07:26:56.400]   bytes: 11
[2026-06-09 07:26:56.403]   raw repr: b'0000000kg\r\n'
[2026-06-09 07:26:56.404]   hex: 30 30 30 30 30 30 30 6b 67 0d 0a
[2026-06-09 07:26:56.406]   ascii: '0000000kg\r\n'
[2026-06-09 07:26:56.709] BLOCO RECEBIDO #6
[2026-06-09 07:26:56.711]   bytes: 9
[2026-06-09 07:26:56.715]   raw repr: b'ST,GS,+00'
[2026-06-09 07:26:56.717]   hex: 53 54 2c 47 53 2c 2b 30 30
[2026-06-09 07:26:56.719]   ascii: 'ST,GS,+00'
[2026-06-09 07:26:56.774] BLOCO RECEBIDO #7
[2026-06-09 07:26:56.776]   bytes: 9
[2026-06-09 07:26:56.780]   raw repr: b'00000kg\r\n'
[2026-06-09 07:26:56.783]   hex: 30 30 30 30 30 6b 67 0d 0a
[2026-06-09 07:26:56.785]   ascii: '00000kg\r\n'
[2026-06-09 07:26:57.090] BLOCO RECEBIDO #8
[2026-06-09 07:26:57.092]   bytes: 18
[2026-06-09 07:26:57.096]   raw repr: b'ST,GS,+0000000kg\r\n'
[2026-06-09 07:26:57.100]   hex: 53 54 2c 47 53 2c 2b 30 30 30 30 30 30 30 6b 67 0d 0a
[2026-06-09 07:26:57.102]   ascii: 'ST,GS,+0000000kg\r\n'
[2026-06-09 07:26:57.358] BLOCO RECEBIDO #9
[2026-06-09 07:26:57.359]   bytes: 18
[2026-06-09 07:26:57.366]   raw repr: b'ST,GS,+0000000kg\r\n'
[2026-06-09 07:26:57.368]   hex: 53 54 2c 47 53 2c 2b 30 30 30 30 30 30 30 6b 67 0d 0a
[2026-06-09 07:26:57.369]   ascii: 'ST,GS,+0000000kg\r\n'
[2026-06-09 07:26:57.723] BLOCO RECEBIDO #10
[2026-06-09 07:26:57.725]   bytes: 18
[2026-06-09 07:26:57.730]   raw repr: b'ST,GS,+0000000kg\r\n'
[2026-06-09 07:26:57.732]   hex: 53 54 2c 47 53 2c 2b 30 30 30 30 30 30 30 6b 67 0d 0a
[2026-06-09 07:26:57.734]   ascii: 'ST,GS,+0000000kg\r\n'
[2026-06-09 07:26:57.788] Fim da janela. Total recebido: 396 bytes em 10 blocos.
[2026-06-09 07:26:57.790] STATUS SERIAL | is_open=True | in_waiting=0 | out_waiting=0 | CTS=False | DSR=False | RI=False | CD=False
[2026-06-09 07:26:57.794] Dados recebidos neste ciclo.
[2026-06-09 07:26:57.797] Total de bytes mudou em relação ao ciclo anterior: anterior=378, atual=396
[2026-06-09 07:26:57.799] Aguardando 5 segundos até próximo ciclo...
[2026-06-09 07:27:02.802] --------------------------------------
[2026-06-09 07:27:02.805] CICLO 10
[2026-06-09 07:27:02.809] Iniciando janela de leitura de 2 segundos...
[2026-06-09 07:27:02.814] STATUS SERIAL | is_open=True | in_waiting=270 | out_waiting=0 | CTS=False | DSR=False | RI=False | CD=False
[2026-06-09 07:27:02.818] BLOCO RECEBIDO #1
[2026-06-09 07:27:02.820]   bytes: 270
[2026-06-09 07:27:02.824]   raw repr: b'ST,GS,+0000000kg\r\nST,GS,+0000000kg\r\nST,GS,+0000000kg\r\nST,GS,+0000000kg\r\nST,GS,+0000000kg\r\nST,GS,+0000000kg\r\nST,GS,+0000000kg\r\nST,GS,+0000000kg\r\nST,GS,+0000000kg\r\nST,GS,+0000000kg\r\nST,GS,+0000000kg\r\nST,GS,+0000000kg\r\nST,GS,+0000000kg\r\nST,GS,+0000000kg\r\nST,GS,+0000000kg\r\n'
[2026-06-09 07:27:02.827]   hex: 53 54 2c 47 53 2c 2b 30 30 30 30 30 30 30 6b 67 0d 0a 53 54 2c 47 53 2c 2b 30 30 30 30 30 30 30 6b 67 0d 0a 53 54 2c 47 53 2c 2b 30 30 30 30 30 30 30 6b 67 0d 0a 53 54 2c 47 53 2c 2b 30 30 30 30 30 30 30 6b 67 0d 0a 53 54 2c 47 53 2c 2b 30 30 30 30 30 30 30 6b 67 0d 0a 53 54 2c 47 53 2c 2b 30 30 30 30 30 30 30 6b 67 0d 0a 53 54 2c 47 53 2c 2b 30 30 30 30 30 30 30 6b 67 0d 0a 53 54 2c 47 53 2c 2b 30 30 30 30 30 30 30 6b 67 0d 0a 53 54 2c 47 53 2c 2b 30 30 30 30 30 30 30 6b 67 0d 0a 53 54 2c 47 53 2c 2b 30 30 30 30 30 30 30 6b 67 0d 0a 53 54 2c 47 53 2c 2b 30 30 30 30 30 30 30 6b 67 0d 0a 53 54 2c 47 53 2c 2b 30 30 30 30 30 30 30 6b 67 0d 0a 53 54 2c 47 53 2c 2b 30 30 30 30 30 30 30 6b 67 0d 0a 53 54 2c 47 53 2c 2b 30 30 30 30 30 30 30 6b 67 0d 0a 53 54 2c 47 53 2c 2b 30 30 30 30 30 30 30 6b 67 0d 0a
[2026-06-09 07:27:02.830]   ascii: 'ST,GS,+0000000kg\r\nST,GS,+0000000kg\r\nST,GS,+0000000kg\r\nST,GS,+0000000kg\r\nST,GS,+0000000kg\r\nST,GS,+0000000kg\r\nST,GS,+0000000kg\r\nST,GS,+0000000kg\r\nST,GS,+0000000kg\r\nST,GS,+0000000kg\r\nST,GS,+0000000kg\r\nST,GS,+0000000kg\r\nST,GS,+0000000kg\r\nST,GS,+0000000kg\r\nST,GS,+0000000kg\r\n'
[2026-06-09 07:27:03.033] BLOCO RECEBIDO #2
[2026-06-09 07:27:03.034]   bytes: 18
[2026-06-09 07:27:03.039]   raw repr: b'ST,GS,+0000000kg\r\n'
[2026-06-09 07:27:03.042]   hex: 53 54 2c 47 53 2c 2b 30 30 30 30 30 30 30 6b 67 0d 0a
[2026-06-09 07:27:03.045]   ascii: 'ST,GS,+0000000kg\r\n'
[2026-06-09 07:27:03.352] BLOCO RECEBIDO #3
[2026-06-09 07:27:03.353]   bytes: 16
[2026-06-09 07:27:03.359]   raw repr: b'ST,GS,+0000000kg'
[2026-06-09 07:27:03.363]   hex: 53 54 2c 47 53 2c 2b 30 30 30 30 30 30 30 6b 67
[2026-06-09 07:27:03.367]   ascii: 'ST,GS,+0000000kg'
[2026-06-09 07:27:03.420] BLOCO RECEBIDO #4
[2026-06-09 07:27:03.421]   bytes: 2
[2026-06-09 07:27:03.423]   raw repr: b'\r\n'
[2026-06-09 07:27:03.424]   hex: 0d 0a
[2026-06-09 07:27:03.426]   ascii: '\r\n'
[2026-06-09 07:27:03.679] BLOCO RECEBIDO #5
[2026-06-09 07:27:03.680]   bytes: 5
[2026-06-09 07:27:03.685]   raw repr: b'ST,GS'
[2026-06-09 07:27:03.688]   hex: 53 54 2c 47 53
[2026-06-09 07:27:03.691]   ascii: 'ST,GS'
[2026-06-09 07:27:03.743] BLOCO RECEBIDO #6
[2026-06-09 07:27:03.744]   bytes: 13
[2026-06-09 07:27:03.749]   raw repr: b',+0000000kg\r\n'
[2026-06-09 07:27:03.752]   hex: 2c 2b 30 30 30 30 30 30 30 6b 67 0d 0a
[2026-06-09 07:27:03.754]   ascii: ',+0000000kg\r\n'
[2026-06-09 07:27:04.012] BLOCO RECEBIDO #7
[2026-06-09 07:27:04.014]   bytes: 8
[2026-06-09 07:27:04.018]   raw repr: b'ST,GS,+0'
[2026-06-09 07:27:04.020]   hex: 53 54 2c 47 53 2c 2b 30
[2026-06-09 07:27:04.022]   ascii: 'ST,GS,+0'
[2026-06-09 07:27:04.175] BLOCO RECEBIDO #8
[2026-06-09 07:27:04.177]   bytes: 10
[2026-06-09 07:27:04.181]   raw repr: b'000000kg\r\n'
[2026-06-09 07:27:04.185]   hex: 30 30 30 30 30 30 6b 67 0d 0a
[2026-06-09 07:27:04.187]   ascii: '000000kg\r\n'
[2026-06-09 07:27:04.391] BLOCO RECEBIDO #9
[2026-06-09 07:27:04.392]   bytes: 18
[2026-06-09 07:27:04.394]   raw repr: b'ST,GS,+0000000kg\r\n'
[2026-06-09 07:27:04.397]   hex: 53 54 2c 47 53 2c 2b 30 30 30 30 30 30 30 6b 67 0d 0a
[2026-06-09 07:27:04.398]   ascii: 'ST,GS,+0000000kg\r\n'
[2026-06-09 07:27:04.702] BLOCO RECEBIDO #10
[2026-06-09 07:27:04.703]   bytes: 18
[2026-06-09 07:27:04.708]   raw repr: b'ST,GS,+0000000kg\r\n'
[2026-06-09 07:27:04.711]   hex: 53 54 2c 47 53 2c 2b 30 30 30 30 30 30 30 6b 67 0d 0a
[2026-06-09 07:27:04.714]   ascii: 'ST,GS,+0000000kg\r\n'
[2026-06-09 07:27:04.817] Fim da janela. Total recebido: 378 bytes em 10 blocos.
[2026-06-09 07:27:04.820] STATUS SERIAL | is_open=True | in_waiting=0 | out_waiting=0 | CTS=False | DSR=False | RI=False | CD=False
[2026-06-09 07:27:04.823] Dados recebidos neste ciclo.
[2026-06-09 07:27:04.826] Total de bytes mudou em relação ao ciclo anterior: anterior=396, atual=378
[2026-06-09 07:27:04.828] Aguardando 5 segundos até próximo ciclo...
[2026-06-09 07:27:09.833] --------------------------------------
[2026-06-09 07:27:09.835] CICLO 11
[2026-06-09 07:27:09.840] Iniciando janela de leitura de 2 segundos...
[2026-06-09 07:27:09.842] STATUS SERIAL | is_open=True | in_waiting=270 | out_waiting=0 | CTS=False | DSR=False | RI=False | CD=False
[2026-06-09 07:27:09.844] BLOCO RECEBIDO #1
[2026-06-09 07:27:09.846]   bytes: 270
[2026-06-09 07:27:09.855]   raw repr: b'ST,GS,+0000000kg\r\nST,GS,+0000000kg\r\nST,GS,+0000000kg\r\nST,GS,+0000000kg\r\nST,GS,+0000000kg\r\nST,GS,+0000000kg\r\nST,GS,+0000000kg\r\nST,GS,+0000000kg\r\nST,GS,+0000000kg\r\nST,GS,+0000000kg\r\nST,GS,+0000000kg\r\nST,GS,+0000000kg\r\nST,GS,+0000000kg\r\nST,GS,+0000000kg\r\nST,GS,+0000000kg\r\n'
[2026-06-09 07:27:09.858]   hex: 53 54 2c 47 53 2c 2b 30 30 30 30 30 30 30 6b 67 0d 0a 53 54 2c 47 53 2c 2b 30 30 30 30 30 30 30 6b 67 0d 0a 53 54 2c 47 53 2c 2b 30 30 30 30 30 30 30 6b 67 0d 0a 53 54 2c 47 53 2c 2b 30 30 30 30 30 30 30 6b 67 0d 0a 53 54 2c 47 53 2c 2b 30 30 30 30 30 30 30 6b 67 0d 0a 53 54 2c 47 53 2c 2b 30 30 30 30 30 30 30 6b 67 0d 0a 53 54 2c 47 53 2c 2b 30 30 30 30 30 30 30 6b 67 0d 0a 53 54 2c 47 53 2c 2b 30 30 30 30 30 30 30 6b 67 0d 0a 53 54 2c 47 53 2c 2b 30 30 30 30 30 30 30 6b 67 0d 0a 53 54 2c 47 53 2c 2b 30 30 30 30 30 30 30 6b 67 0d 0a 53 54 2c 47 53 2c 2b 30 30 30 30 30 30 30 6b 67 0d 0a 53 54 2c 47 53 2c 2b 30 30 30 30 30 30 30 6b 67 0d 0a 53 54 2c 47 53 2c 2b 30 30 30 30 30 30 30 6b 67 0d 0a 53 54 2c 47 53 2c 2b 30 30 30 30 30 30 30 6b 67 0d 0a 53 54 2c 47 53 2c 2b 30 30 30 30 30 30 30 6b 67 0d 0a
[2026-06-09 07:27:09.861]   ascii: 'ST,GS,+0000000kg\r\nST,GS,+0000000kg\r\nST,GS,+0000000kg\r\nST,GS,+0000000kg\r\nST,GS,+0000000kg\r\nST,GS,+0000000kg\r\nST,GS,+0000000kg\r\nST,GS,+0000000kg\r\nST,GS,+0000000kg\r\nST,GS,+0000000kg\r\nST,GS,+0000000kg\r\nST,GS,+0000000kg\r\nST,GS,+0000000kg\r\nST,GS,+0000000kg\r\nST,GS,+0000000kg\r\n'
[2026-06-09 07:27:10.016] BLOCO RECEBIDO #2
[2026-06-09 07:27:10.017]   bytes: 2
[2026-06-09 07:27:10.022]   raw repr: b'ST'
[2026-06-09 07:27:10.024]   hex: 53 54
[2026-06-09 07:27:10.026]   ascii: 'ST'
[2026-06-09 07:27:10.079] BLOCO RECEBIDO #3
[2026-06-09 07:27:10.080]   bytes: 16
[2026-06-09 07:27:10.082]   raw repr: b',GS,+0000000kg\r\n'
[2026-06-09 07:27:10.084]   hex: 2c 47 53 2c 2b 30 30 30 30 30 30 30 6b 67 0d 0a
[2026-06-09 07:27:10.086]   ascii: ',GS,+0000000kg\r\n'
[2026-06-09 07:27:10.389] BLOCO RECEBIDO #4
[2026-06-09 07:27:10.391]   bytes: 18
[2026-06-09 07:27:10.395]   raw repr: b'ST,GS,+0000000kg\r\n'
[2026-06-09 07:27:10.398]   hex: 53 54 2c 47 53 2c 2b 30 30 30 30 30 30 30 6b 67 0d 0a
[2026-06-09 07:27:10.401]   ascii: 'ST,GS,+0000000kg\r\n'
[2026-06-09 07:27:10.707] BLOCO RECEBIDO #5
[2026-06-09 07:27:10.709]   bytes: 18
[2026-06-09 07:27:10.713]   raw repr: b'ST,GS,+0000000kg\r\n'
[2026-06-09 07:27:10.716]   hex: 53 54 2c 47 53 2c 2b 30 30 30 30 30 30 30 6b 67 0d 0a
[2026-06-09 07:27:10.718]   ascii: 'ST,GS,+0000000kg\r\n'
[2026-06-09 07:27:11.024] BLOCO RECEBIDO #6
[2026-06-09 07:27:11.026]   bytes: 18
[2026-06-09 07:27:11.031]   raw repr: b'ST,GS,+0000000kg\r\n'
[2026-06-09 07:27:11.035]   hex: 53 54 2c 47 53 2c 2b 30 30 30 30 30 30 30 6b 67 0d 0a
[2026-06-09 07:27:11.038]   ascii: 'ST,GS,+0000000kg\r\n'
[2026-06-09 07:27:11.344] BLOCO RECEBIDO #7
[2026-06-09 07:27:11.345]   bytes: 7
[2026-06-09 07:27:11.350]   raw repr: b'ST,GS,+'
[2026-06-09 07:27:11.352]   hex: 53 54 2c 47 53 2c 2b
[2026-06-09 07:27:11.356]   ascii: 'ST,GS,+'
[2026-06-09 07:27:11.409] BLOCO RECEBIDO #8
[2026-06-09 07:27:11.409]   bytes: 11
[2026-06-09 07:27:11.411]   raw repr: b'0000000kg\r\n'
[2026-06-09 07:27:11.413]   hex: 30 30 30 30 30 30 30 6b 67 0d 0a
[2026-06-09 07:27:11.414]   ascii: '0000000kg\r\n'
[2026-06-09 07:27:11.718] BLOCO RECEBIDO #9
[2026-06-09 07:27:11.720]   bytes: 18
[2026-06-09 07:27:11.725]   raw repr: b'ST,GS,+0000000kg\r\n'
[2026-06-09 07:27:11.727]   hex: 53 54 2c 47 53 2c 2b 30 30 30 30 30 30 30 6b 67 0d 0a
[2026-06-09 07:27:11.730]   ascii: 'ST,GS,+0000000kg\r\n'
[2026-06-09 07:27:11.884] Fim da janela. Total recebido: 378 bytes em 9 blocos.
[2026-06-09 07:27:11.892] STATUS SERIAL | is_open=True | in_waiting=0 | out_waiting=0 | CTS=False | DSR=False | RI=False | CD=False
[2026-06-09 07:27:11.907] Dados recebidos neste ciclo.
[2026-06-09 07:27:11.917] Total de bytes igual ao ciclo anterior: 378
[2026-06-09 07:27:11.920] Aguardando 5 segundos até próximo ciclo...
[2026-06-09 07:27:16.924] --------------------------------------
[2026-06-09 07:27:16.931] CICLO 12
[2026-06-09 07:27:16.935] Iniciando janela de leitura de 2 segundos...
[2026-06-09 07:27:16.937] STATUS SERIAL | is_open=True | in_waiting=270 | out_waiting=0 | CTS=False | DSR=False | RI=False | CD=False
[2026-06-09 07:27:16.940] BLOCO RECEBIDO #1
[2026-06-09 07:27:16.943]   bytes: 270
[2026-06-09 07:27:16.953]   raw repr: b'ST,GS,+0000000kg\r\nST,GS,+0000000kg\r\nST,GS,+0000000kg\r\nST,GS,+0000000kg\r\nST,GS,+0000000kg\r\nST,GS,+0000000kg\r\nST,GS,+0000000kg\r\nST,GS,+0000000kg\r\nST,GS,+0000000kg\r\nST,GS,+0000000kg\r\nST,GS,+0000000kg\r\nST,GS,+0000000kg\r\nST,GS,+0000000kg\r\nST,GS,+0000000kg\r\nST,GS,+0000000kg\r\n'
[2026-06-09 07:27:16.955]   hex: 53 54 2c 47 53 2c 2b 30 30 30 30 30 30 30 6b 67 0d 0a 53 54 2c 47 53 2c 2b 30 30 30 30 30 30 30 6b 67 0d 0a 53 54 2c 47 53 2c 2b 30 30 30 30 30 30 30 6b 67 0d 0a 53 54 2c 47 53 2c 2b 30 30 30 30 30 30 30 6b 67 0d 0a 53 54 2c 47 53 2c 2b 30 30 30 30 30 30 30 6b 67 0d 0a 53 54 2c 47 53 2c 2b 30 30 30 30 30 30 30 6b 67 0d 0a 53 54 2c 47 53 2c 2b 30 30 30 30 30 30 30 6b 67 0d 0a 53 54 2c 47 53 2c 2b 30 30 30 30 30 30 30 6b 67 0d 0a 53 54 2c 47 53 2c 2b 30 30 30 30 30 30 30 6b 67 0d 0a 53 54 2c 47 53 2c 2b 30 30 30 30 30 30 30 6b 67 0d 0a 53 54 2c 47 53 2c 2b 30 30 30 30 30 30 30 6b 67 0d 0a 53 54 2c 47 53 2c 2b 30 30 30 30 30 30 30 6b 67 0d 0a 53 54 2c 47 53 2c 2b 30 30 30 30 30 30 30 6b 67 0d 0a 53 54 2c 47 53 2c 2b 30 30 30 30 30 30 30 6b 67 0d 0a 53 54 2c 47 53 2c 2b 30 30 30 30 30 30 30 6b 67 0d 0a
[2026-06-09 07:27:16.957]   ascii: 'ST,GS,+0000000kg\r\nST,GS,+0000000kg\r\nST,GS,+0000000kg\r\nST,GS,+0000000kg\r\nST,GS,+0000000kg\r\nST,GS,+0000000kg\r\nST,GS,+0000000kg\r\nST,GS,+0000000kg\r\nST,GS,+0000000kg\r\nST,GS,+0000000kg\r\nST,GS,+0000000kg\r\nST,GS,+0000000kg\r\nST,GS,+0000000kg\r\nST,GS,+0000000kg\r\nST,GS,+0000000kg\r\n'
[2026-06-09 07:27:17.014] BLOCO RECEBIDO #2
[2026-06-09 07:27:17.015]   bytes: 8
[2026-06-09 07:27:17.016]   raw repr: b'ST,GS,+0'
[2026-06-09 07:27:17.017]   hex: 53 54 2c 47 53 2c 2b 30
[2026-06-09 07:27:17.018]   ascii: 'ST,GS,+0'
[2026-06-09 07:27:17.069] BLOCO RECEBIDO #3
[2026-06-09 07:27:17.070]   bytes: 10
[2026-06-09 07:27:17.071]   raw repr: b'000000kg\r\n'
[2026-06-09 07:27:17.072]   hex: 30 30 30 30 30 30 6b 67 0d 0a
[2026-06-09 07:27:17.073]   ascii: '000000kg\r\n'
[2026-06-09 07:27:17.380] BLOCO RECEBIDO #4
[2026-06-09 07:27:17.382]   bytes: 18
[2026-06-09 07:27:17.386]   raw repr: b'ST,GS,+0000000kg\r\n'
[2026-06-09 07:27:17.387]   hex: 53 54 2c 47 53 2c 2b 30 30 30 30 30 30 30 6b 67 0d 0a
[2026-06-09 07:27:17.389]   ascii: 'ST,GS,+0000000kg\r\n'
[2026-06-09 07:27:17.695] BLOCO RECEBIDO #5
[2026-06-09 07:27:17.697]   bytes: 18
[2026-06-09 07:27:17.701]   raw repr: b'ST,GS,+0000000kg\r\n'
[2026-06-09 07:27:17.704]   hex: 53 54 2c 47 53 2c 2b 30 30 30 30 30 30 30 6b 67 0d 0a
[2026-06-09 07:27:17.708]   ascii: 'ST,GS,+0000000kg\r\n'
[2026-06-09 07:27:18.015] BLOCO RECEBIDO #6
[2026-06-09 07:27:18.015]   bytes: 8
[2026-06-09 07:27:18.017]   raw repr: b'ST,GS,+0'
[2026-06-09 07:27:18.018]   hex: 53 54 2c 47 53 2c 2b 30
[2026-06-09 07:27:18.019]   ascii: 'ST,GS,+0'
[2026-06-09 07:27:18.121] BLOCO RECEBIDO #7
[2026-06-09 07:27:18.121]   bytes: 10
[2026-06-09 07:27:18.123]   raw repr: b'000000kg\r\n'
[2026-06-09 07:27:18.126]   hex: 30 30 30 30 30 30 6b 67 0d 0a
[2026-06-09 07:27:18.128]   ascii: '000000kg\r\n'
[2026-06-09 07:27:18.332] BLOCO RECEBIDO #8
[2026-06-09 07:27:18.333]   bytes: 3
[2026-06-09 07:27:18.338]   raw repr: b'ST,'
[2026-06-09 07:27:18.340]   hex: 53 54 2c
[2026-06-09 07:27:18.344]   ascii: 'ST,'
[2026-06-09 07:27:18.397] BLOCO RECEBIDO #9
[2026-06-09 07:27:18.398]   bytes: 15
[2026-06-09 07:27:18.403]   raw repr: b'GS,+0000000kg\r\n'
[2026-06-09 07:27:18.406]   hex: 47 53 2c 2b 30 30 30 30 30 30 30 6b 67 0d 0a
[2026-06-09 07:27:18.408]   ascii: 'GS,+0000000kg\r\n'
[2026-06-09 07:27:18.715] BLOCO RECEBIDO #10
[2026-06-09 07:27:18.716]   bytes: 18
[2026-06-09 07:27:18.721]   raw repr: b'ST,GS,+0000000kg\r\n'
[2026-06-09 07:27:18.724]   hex: 53 54 2c 47 53 2c 2b 30 30 30 30 30 30 30 6b 67 0d 0a
[2026-06-09 07:27:18.727]   ascii: 'ST,GS,+0000000kg\r\n'
[2026-06-09 07:27:18.986] Fim da janela. Total recebido: 378 bytes em 10 blocos.
[2026-06-09 07:27:18.988] STATUS SERIAL | is_open=True | in_waiting=0 | out_waiting=0 | CTS=False | DSR=False | RI=False | CD=False
[2026-06-09 07:27:18.991] Dados recebidos neste ciclo.
[2026-06-09 07:27:18.994] Total de bytes igual ao ciclo anterior: 378
[2026-06-09 07:27:18.997] Aguardando 5 segundos até próximo ciclo...
[2026-06-09 07:27:24.000] --------------------------------------
[2026-06-09 07:27:24.004] CICLO 13
[2026-06-09 07:27:24.009] Iniciando janela de leitura de 2 segundos...
[2026-06-09 07:27:24.012] STATUS SERIAL | is_open=True | in_waiting=278 | out_waiting=0 | CTS=False | DSR=False | RI=False | CD=False
[2026-06-09 07:27:24.020] BLOCO RECEBIDO #1
[2026-06-09 07:27:24.027]   bytes: 278
[2026-06-09 07:27:24.030]   raw repr: b'ST,GS,+0000000kg\r\nST,GS,+0000000kg\r\nST,GS,+0000000kg\r\nST,GS,+0000000kg\r\nST,GS,+0000000kg\r\nST,GS,+0000000kg\r\nST,GS,+0000000kg\r\nST,GS,+0000000kg\r\nST,GS,+0000000kg\r\nST,GS,+0000000kg\r\nST,GS,+0000000kg\r\nST,GS,+0000000kg\r\nST,GS,+0000000kg\r\nST,GS,+0000000kg\r\nST,GS,+0000000kg\r\nST,GS,+0'
[2026-06-09 07:27:24.039]   hex: 53 54 2c 47 53 2c 2b 30 30 30 30 30 30 30 6b 67 0d 0a 53 54 2c 47 53 2c 2b 30 30 30 30 30 30 30 6b 67 0d 0a 53 54 2c 47 53 2c 2b 30 30 30 30 30 30 30 6b 67 0d 0a 53 54 2c 47 53 2c 2b 30 30 30 30 30 30 30 6b 67 0d 0a 53 54 2c 47 53 2c 2b 30 30 30 30 30 30 30 6b 67 0d 0a 53 54 2c 47 53 2c 2b 30 30 30 30 30 30 30 6b 67 0d 0a 53 54 2c 47 53 2c 2b 30 30 30 30 30 30 30 6b 67 0d 0a 53 54 2c 47 53 2c 2b 30 30 30 30 30 30 30 6b 67 0d 0a 53 54 2c 47 53 2c 2b 30 30 30 30 30 30 30 6b 67 0d 0a 53 54 2c 47 53 2c 2b 30 30 30 30 30 30 30 6b 67 0d 0a 53 54 2c 47 53 2c 2b 30 30 30 30 30 30 30 6b 67 0d 0a 53 54 2c 47 53 2c 2b 30 30 30 30 30 30 30 6b 67 0d 0a 53 54 2c 47 53 2c 2b 30 30 30 30 30 30 30 6b 67 0d 0a 53 54 2c 47 53 2c 2b 30 30 30 30 30 30 30 6b 67 0d 0a 53 54 2c 47 53 2c 2b 30 30 30 30 30 30 30 6b 67 0d 0a 53 54 2c 47 53 2c 2b 30
[2026-06-09 07:27:24.041]   ascii: 'ST,GS,+0000000kg\r\nST,GS,+0000000kg\r\nST,GS,+0000000kg\r\nST,GS,+0000000kg\r\nST,GS,+0000000kg\r\nST,GS,+0000000kg\r\nST,GS,+0000000kg\r\nST,GS,+0000000kg\r\nST,GS,+0000000kg\r\nST,GS,+0000000kg\r\nST,GS,+0000000kg\r\nST,GS,+0000000kg\r\nST,GS,+0000000kg\r\nST,GS,+0000000kg\r\nST,GS,+0000000kg\r\nST,GS,+0'
[2026-06-09 07:27:24.093] BLOCO RECEBIDO #2
[2026-06-09 07:27:24.093]   bytes: 10
[2026-06-09 07:27:24.095]   raw repr: b'000000kg\r\n'
[2026-06-09 07:27:24.095]   hex: 30 30 30 30 30 30 6b 67 0d 0a
[2026-06-09 07:27:24.097]   ascii: '000000kg\r\n'
[2026-06-09 07:27:24.350] BLOCO RECEBIDO #3
[2026-06-09 07:27:24.352]   bytes: 16
[2026-06-09 07:27:24.355]   raw repr: b'ST,GS,+0000000kg'
[2026-06-09 07:27:24.357]   hex: 53 54 2c 47 53 2c 2b 30 30 30 30 30 30 30 6b 67
[2026-06-09 07:27:24.358]   ascii: 'ST,GS,+0000000kg'
[2026-06-09 07:27:24.411] BLOCO RECEBIDO #4
[2026-06-09 07:27:24.412]   bytes: 2
[2026-06-09 07:27:24.418]   raw repr: b'\r\n'
[2026-06-09 07:27:24.421]   hex: 0d 0a
[2026-06-09 07:27:24.426]   ascii: '\r\n'
[2026-06-09 07:27:24.681] BLOCO RECEBIDO #5
[2026-06-09 07:27:24.683]   bytes: 5
[2026-06-09 07:27:24.686]   raw repr: b'ST,GS'
[2026-06-09 07:27:24.688]   hex: 53 54 2c 47 53
[2026-06-09 07:27:24.691]   ascii: 'ST,GS'
[2026-06-09 07:27:24.742] BLOCO RECEBIDO #6
[2026-06-09 07:27:24.744]   bytes: 13
[2026-06-09 07:27:24.750]   raw repr: b',+0000000kg\r\n'
[2026-06-09 07:27:24.755]   hex: 2c 2b 30 30 30 30 30 30 30 6b 67 0d 0a
[2026-06-09 07:27:24.758]   ascii: ',+0000000kg\r\n'
[2026-06-09 07:27:25.013] BLOCO RECEBIDO #7
[2026-06-09 07:27:25.015]   bytes: 8
[2026-06-09 07:27:25.024]   raw repr: b'ST,GS,+0'
[2026-06-09 07:27:25.027]   hex: 53 54 2c 47 53 2c 2b 30
[2026-06-09 07:27:25.028]   ascii: 'ST,GS,+0'
[2026-06-09 07:27:25.130] BLOCO RECEBIDO #8
[2026-06-09 07:27:25.130]   bytes: 10
[2026-06-09 07:27:25.132]   raw repr: b'000000kg\r\n'
[2026-06-09 07:27:25.134]   hex: 30 30 30 30 30 30 6b 67 0d 0a
[2026-06-09 07:27:25.135]   ascii: '000000kg\r\n'
[2026-06-09 07:27:25.389] BLOCO RECEBIDO #9
[2026-06-09 07:27:25.392]   bytes: 18
[2026-06-09 07:27:25.394]   raw repr: b'ST,GS,+0000000kg\r\n'
[2026-06-09 07:27:25.395]   hex: 53 54 2c 47 53 2c 2b 30 30 30 30 30 30 30 6b 67 0d 0a
[2026-06-09 07:27:25.397]   ascii: 'ST,GS,+0000000kg\r\n'
[2026-06-09 07:27:25.722] BLOCO RECEBIDO #10
[2026-06-09 07:27:25.735]   bytes: 18
[2026-06-09 07:27:25.736]   raw repr: b'ST,GS,+0000000kg\r\n'
[2026-06-09 07:27:25.739]   hex: 53 54 2c 47 53 2c 2b 30 30 30 30 30 30 30 6b 67 0d 0a
[2026-06-09 07:27:25.741]   ascii: 'ST,GS,+0000000kg\r\n'
[2026-06-09 07:27:26.044] Fim da janela. Total recebido: 378 bytes em 10 blocos.
[2026-06-09 07:27:26.046] STATUS SERIAL | is_open=True | in_waiting=18 | out_waiting=0 | CTS=False | DSR=False | RI=False | CD=False
[2026-06-09 07:27:26.049] Dados recebidos neste ciclo.
[2026-06-09 07:27:26.053] Total de bytes igual ao ciclo anterior: 378
[2026-06-09 07:27:26.054] Aguardando 5 segundos até próximo ciclo...
[2026-06-09 07:27:31.057] --------------------------------------
[2026-06-09 07:27:31.058] CICLO 14
[2026-06-09 07:27:31.060] Iniciando janela de leitura de 2 segundos...
[2026-06-09 07:27:31.062] STATUS SERIAL | is_open=True | in_waiting=288 | out_waiting=0 | CTS=False | DSR=False | RI=False | CD=False
[2026-06-09 07:27:31.063] BLOCO RECEBIDO #1
[2026-06-09 07:27:31.065]   bytes: 288
[2026-06-09 07:27:31.066]   raw repr: b'ST,GS,+0000000kg\r\nST,GS,+0000000kg\r\nST,GS,+0000000kg\r\nST,GS,+0000000kg\r\nST,GS,+0000000kg\r\nST,GS,+0000000kg\r\nST,GS,+0000000kg\r\nST,GS,+0000000kg\r\nST,GS,+0000000kg\r\nST,GS,+0000000kg\r\nST,GS,+0000000kg\r\nST,GS,+0000000kg\r\nST,GS,+0000000kg\r\nST,GS,+0000000kg\r\nST,GS,+0000000kg\r\nST,GS,+0000000kg\r\n'
[2026-06-09 07:27:31.067]   hex: 53 54 2c 47 53 2c 2b 30 30 30 30 30 30 30 6b 67 0d 0a 53 54 2c 47 53 2c 2b 30 30 30 30 30 30 30 6b 67 0d 0a 53 54 2c 47 53 2c 2b 30 30 30 30 30 30 30 6b 67 0d 0a 53 54 2c 47 53 2c 2b 30 30 30 30 30 30 30 6b 67 0d 0a 53 54 2c 47 53 2c 2b 30 30 30 30 30 30 30 6b 67 0d 0a 53 54 2c 47 53 2c 2b 30 30 30 30 30 30 30 6b 67 0d 0a 53 54 2c 47 53 2c 2b 30 30 30 30 30 30 30 6b 67 0d 0a 53 54 2c 47 53 2c 2b 30 30 30 30 30 30 30 6b 67 0d 0a 53 54 2c 47 53 2c 2b 30 30 30 30 30 30 30 6b 67 0d 0a 53 54 2c 47 53 2c 2b 30 30 30 30 30 30 30 6b 67 0d 0a 53 54 2c 47 53 2c 2b 30 30 30 30 30 30 30 6b 67 0d 0a 53 54 2c 47 53 2c 2b 30 30 30 30 30 30 30 6b 67 0d 0a 53 54 2c 47 53 2c 2b 30 30 30 30 30 30 30 6b 67 0d 0a 53 54 2c 47 53 2c 2b 30 30 30 30 30 30 30 6b 67 0d 0a 53 54 2c 47 53 2c 2b 30 30 30 30 30 30 30 6b 67 0d 0a 53 54 2c 47 53 2c 2b 30 30 30 30 30 30 30 6b 67 0d 0a
[2026-06-09 07:27:31.068]   ascii: 'ST,GS,+0000000kg\r\nST,GS,+0000000kg\r\nST,GS,+0000000kg\r\nST,GS,+0000000kg\r\nST,GS,+0000000kg\r\nST,GS,+0000000kg\r\nST,GS,+0000000kg\r\nST,GS,+0000000kg\r\nST,GS,+0000000kg\r\nST,GS,+0000000kg\r\nST,GS,+0000000kg\r\nST,GS,+0000000kg\r\nST,GS,+0000000kg\r\nST,GS,+0000000kg\r\nST,GS,+0000000kg\r\nST,GS,+0000000kg\r\n'
[2026-06-09 07:27:31.372] BLOCO RECEBIDO #2
[2026-06-09 07:27:31.375]   bytes: 18
[2026-06-09 07:27:31.377]   raw repr: b'ST,GS,+0000000kg\r\n'
[2026-06-09 07:27:31.378]   hex: 53 54 2c 47 53 2c 2b 30 30 30 30 30 30 30 6b 67 0d 0a
[2026-06-09 07:27:31.380]   ascii: 'ST,GS,+0000000kg\r\n'
[2026-06-09 07:27:31.682] BLOCO RECEBIDO #3
[2026-06-09 07:27:31.683]   bytes: 13
[2026-06-09 07:27:31.688]   raw repr: b'ST,GS,+000000'
[2026-06-09 07:27:31.698]   hex: 53 54 2c 47 53 2c 2b 30 30 30 30 30 30
[2026-06-09 07:27:31.700]   ascii: 'ST,GS,+000000'
[2026-06-09 07:27:31.753] BLOCO RECEBIDO #4
[2026-06-09 07:27:31.754]   bytes: 5
[2026-06-09 07:27:31.760]   raw repr: b'0kg\r\n'
[2026-06-09 07:27:31.763]   hex: 30 6b 67 0d 0a
[2026-06-09 07:27:31.764]   ascii: '0kg\r\n'
[2026-06-09 07:27:32.018] BLOCO RECEBIDO #5
[2026-06-09 07:27:32.019]   bytes: 17
[2026-06-09 07:27:32.022]   raw repr: b'ST,GS,+0000000kg\r'
[2026-06-09 07:27:32.026]   hex: 53 54 2c 47 53 2c 2b 30 30 30 30 30 30 30 6b 67 0d
[2026-06-09 07:27:32.028]   ascii: 'ST,GS,+0000000kg\r'
[2026-06-09 07:27:32.079] BLOCO RECEBIDO #6
[2026-06-09 07:27:32.080]   bytes: 1
[2026-06-09 07:27:32.082]   raw repr: b'\n'
[2026-06-09 07:27:32.083]   hex: 0a
[2026-06-09 07:27:32.084]   ascii: '\n'
[2026-06-09 07:27:32.340] BLOCO RECEBIDO #7
[2026-06-09 07:27:32.341]   bytes: 6
[2026-06-09 07:27:32.343]   raw repr: b'ST,GS,'
[2026-06-09 07:27:32.344]   hex: 53 54 2c 47 53 2c
[2026-06-09 07:27:32.345]   ascii: 'ST,GS,'
[2026-06-09 07:27:32.395] BLOCO RECEBIDO #8
[2026-06-09 07:27:32.396]   bytes: 12
[2026-06-09 07:27:32.397]   raw repr: b'+0000000kg\r\n'
[2026-06-09 07:27:32.399]   hex: 2b 30 30 30 30 30 30 30 6b 67 0d 0a
[2026-06-09 07:27:32.400]   ascii: '+0000000kg\r\n'
[2026-06-09 07:27:32.705] BLOCO RECEBIDO #9
[2026-06-09 07:27:32.706]   bytes: 18
[2026-06-09 07:27:32.710]   raw repr: b'ST,GS,+0000000kg\r\n'
[2026-06-09 07:27:32.711]   hex: 53 54 2c 47 53 2c 2b 30 30 30 30 30 30 30 6b 67 0d 0a
[2026-06-09 07:27:32.712]   ascii: 'ST,GS,+0000000kg\r\n'
[2026-06-09 07:27:33.018] BLOCO RECEBIDO #10
[2026-06-09 07:27:33.018]   bytes: 18
[2026-06-09 07:27:33.020]   raw repr: b'ST,GS,+0000000kg\r\n'
[2026-06-09 07:27:33.021]   hex: 53 54 2c 47 53 2c 2b 30 30 30 30 30 30 30 6b 67 0d 0a
[2026-06-09 07:27:33.022]   ascii: 'ST,GS,+0000000kg\r\n'
[2026-06-09 07:27:33.075] Fim da janela. Total recebido: 396 bytes em 10 blocos.
[2026-06-09 07:27:33.076] STATUS SERIAL | is_open=True | in_waiting=0 | out_waiting=0 | CTS=False | DSR=False | RI=False | CD=False
[2026-06-09 07:27:33.077] Dados recebidos neste ciclo.
[2026-06-09 07:27:33.078] Total de bytes mudou em relação ao ciclo anterior: anterior=378, atual=396
[2026-06-09 07:27:33.079] Aguardando 5 segundos até próximo ciclo...
[2026-06-09 07:27:38.081] --------------------------------------
[2026-06-09 07:27:38.081] CICLO 15
[2026-06-09 07:27:38.083] Iniciando janela de leitura de 2 segundos...
[2026-06-09 07:27:38.084] STATUS SERIAL | is_open=True | in_waiting=270 | out_waiting=0 | CTS=False | DSR=False | RI=False | CD=False
[2026-06-09 07:27:38.085] BLOCO RECEBIDO #1
[2026-06-09 07:27:38.086]   bytes: 270
[2026-06-09 07:27:38.087]   raw repr: b'ST,GS,+0000000kg\r\nST,GS,+0000000kg\r\nST,GS,+0000000kg\r\nST,GS,+0000000kg\r\nST,GS,+0000000kg\r\nST,GS,+0000000kg\r\nST,GS,+0000000kg\r\nST,GS,+0000000kg\r\nST,GS,+0000000kg\r\nST,GS,+0000000kg\r\nST,GS,+0000000kg\r\nST,GS,+0000000kg\r\nST,GS,+0000000kg\r\nST,GS,+0000000kg\r\nST,GS,+0000000kg\r\n'
[2026-06-09 07:27:38.088]   hex: 53 54 2c 47 53 2c 2b 30 30 30 30 30 30 30 6b 67 0d 0a 53 54 2c 47 53 2c 2b 30 30 30 30 30 30 30 6b 67 0d 0a 53 54 2c 47 53 2c 2b 30 30 30 30 30 30 30 6b 67 0d 0a 53 54 2c 47 53 2c 2b 30 30 30 30 30 30 30 6b 67 0d 0a 53 54 2c 47 53 2c 2b 30 30 30 30 30 30 30 6b 67 0d 0a 53 54 2c 47 53 2c 2b 30 30 30 30 30 30 30 6b 67 0d 0a 53 54 2c 47 53 2c 2b 30 30 30 30 30 30 30 6b 67 0d 0a 53 54 2c 47 53 2c 2b 30 30 30 30 30 30 30 6b 67 0d 0a 53 54 2c 47 53 2c 2b 30 30 30 30 30 30 30 6b 67 0d 0a 53 54 2c 47 53 2c 2b 30 30 30 30 30 30 30 6b 67 0d 0a 53 54 2c 47 53 2c 2b 30 30 30 30 30 30 30 6b 67 0d 0a 53 54 2c 47 53 2c 2b 30 30 30 30 30 30 30 6b 67 0d 0a 53 54 2c 47 53 2c 2b 30 30 30 30 30 30 30 6b 67 0d 0a 53 54 2c 47 53 2c 2b 30 30 30 30 30 30 30 6b 67 0d 0a 53 54 2c 47 53 2c 2b 30 30 30 30 30 30 30 6b 67 0d 0a
[2026-06-09 07:27:38.089]   ascii: 'ST,GS,+0000000kg\r\nST,GS,+0000000kg\r\nST,GS,+0000000kg\r\nST,GS,+0000000kg\r\nST,GS,+0000000kg\r\nST,GS,+0000000kg\r\nST,GS,+0000000kg\r\nST,GS,+0000000kg\r\nST,GS,+0000000kg\r\nST,GS,+0000000kg\r\nST,GS,+0000000kg\r\nST,GS,+0000000kg\r\nST,GS,+0000000kg\r\nST,GS,+0000000kg\r\nST,GS,+0000000kg\r\n'
[2026-06-09 07:27:38.394] BLOCO RECEBIDO #2
[2026-06-09 07:27:38.395]   bytes: 18
[2026-06-09 07:27:38.398]   raw repr: b'ST,GS,+0000000kg\r\n'
[2026-06-09 07:27:38.399]   hex: 53 54 2c 47 53 2c 2b 30 30 30 30 30 30 30 6b 67 0d 0a
[2026-06-09 07:27:38.400]   ascii: 'ST,GS,+0000000kg\r\n'
[2026-06-09 07:27:38.705] BLOCO RECEBIDO #3
[2026-06-09 07:27:38.706]   bytes: 18
[2026-06-09 07:27:38.707]   raw repr: b'ST,GS,+0000000kg\r\n'
[2026-06-09 07:27:38.709]   hex: 53 54 2c 47 53 2c 2b 30 30 30 30 30 30 30 6b 67 0d 0a
[2026-06-09 07:27:38.710]   ascii: 'ST,GS,+0000000kg\r\n'
[2026-06-09 07:27:39.016] BLOCO RECEBIDO #4
[2026-06-09 07:27:39.016]   bytes: 6
[2026-06-09 07:27:39.018]   raw repr: b'ST,GS,'
[2026-06-09 07:27:39.019]   hex: 53 54 2c 47 53 2c
[2026-06-09 07:27:39.020]   ascii: 'ST,GS,'
[2026-06-09 07:27:39.072] BLOCO RECEBIDO #5
[2026-06-09 07:27:39.073]   bytes: 12
[2026-06-09 07:27:39.074]   raw repr: b'+0000000kg\r\n'
[2026-06-09 07:27:39.076]   hex: 2b 30 30 30 30 30 30 30 6b 67 0d 0a
[2026-06-09 07:27:39.077]   ascii: '+0000000kg\r\n'
[2026-06-09 07:27:39.383] BLOCO RECEBIDO #6
[2026-06-09 07:27:39.383]   bytes: 18
[2026-06-09 07:27:39.385]   raw repr: b'ST,GS,+0000000kg\r\n'
[2026-06-09 07:27:39.386]   hex: 53 54 2c 47 53 2c 2b 30 30 30 30 30 30 30 6b 67 0d 0a
[2026-06-09 07:27:39.387]   ascii: 'ST,GS,+0000000kg\r\n'
[2026-06-09 07:27:39.693] BLOCO RECEBIDO #7
[2026-06-09 07:27:39.694]   bytes: 18
[2026-06-09 07:27:39.695]   raw repr: b'ST,GS,+0000000kg\r\n'
[2026-06-09 07:27:39.698]   hex: 53 54 2c 47 53 2c 2b 30 30 30 30 30 30 30 6b 67 0d 0a
[2026-06-09 07:27:39.700]   ascii: 'ST,GS,+0000000kg\r\n'
[2026-06-09 07:27:40.005] BLOCO RECEBIDO #8
[2026-06-09 07:27:40.006]   bytes: 8
[2026-06-09 07:27:40.008]   raw repr: b'ST,GS,+0'
[2026-06-09 07:27:40.009]   hex: 53 54 2c 47 53 2c 2b 30
[2026-06-09 07:27:40.011]   ascii: 'ST,GS,+0'
[2026-06-09 07:27:40.113] Fim da janela. Total recebido: 368 bytes em 8 blocos.
[2026-06-09 07:27:40.116] STATUS SERIAL | is_open=True | in_waiting=10 | out_waiting=0 | CTS=False | DSR=False | RI=False | CD=False
[2026-06-09 07:27:40.117] Dados recebidos neste ciclo.
[2026-06-09 07:27:40.119] Total de bytes mudou em relação ao ciclo anterior: anterior=396, atual=368
[2026-06-09 07:27:40.121] Aguardando 5 segundos até próximo ciclo...
[2026-06-09 07:27:45.123] --------------------------------------
[2026-06-09 07:27:45.125] CICLO 16
[2026-06-09 07:27:45.126] Iniciando janela de leitura de 2 segundos...
[2026-06-09 07:27:45.128] STATUS SERIAL | is_open=True | in_waiting=280 | out_waiting=0 | CTS=False | DSR=False | RI=False | CD=False
[2026-06-09 07:27:45.129] BLOCO RECEBIDO #1
[2026-06-09 07:27:45.130]   bytes: 280
[2026-06-09 07:27:45.131]   raw repr: b'000000kg\r\nST,GS,+0000000kg\r\nST,GS,+0000000kg\r\nST,GS,+0000000kg\r\nST,GS,+0000000kg\r\nST,GS,+0000000kg\r\nST,GS,+0000000kg\r\nST,GS,+0000000kg\r\nST,GS,+0000000kg\r\nST,GS,+0000000kg\r\nST,GS,+0000000kg\r\nST,GS,+0000000kg\r\nST,GS,+0000000kg\r\nST,GS,+0000000kg\r\nST,GS,+0000000kg\r\nST,GS,+0000000kg\r\n'
[2026-06-09 07:27:45.132]   hex: 30 30 30 30 30 30 6b 67 0d 0a 53 54 2c 47 53 2c 2b 30 30 30 30 30 30 30 6b 67 0d 0a 53 54 2c 47 53 2c 2b 30 30 30 30 30 30 30 6b 67 0d 0a 53 54 2c 47 53 2c 2b 30 30 30 30 30 30 30 6b 67 0d 0a 53 54 2c 47 53 2c 2b 30 30 30 30 30 30 30 6b 67 0d 0a 53 54 2c 47 53 2c 2b 30 30 30 30 30 30 30 6b 67 0d 0a 53 54 2c 47 53 2c 2b 30 30 30 30 30 30 30 6b 67 0d 0a 53 54 2c 47 53 2c 2b 30 30 30 30 30 30 30 6b 67 0d 0a 53 54 2c 47 53 2c 2b 30 30 30 30 30 30 30 6b 67 0d 0a 53 54 2c 47 53 2c 2b 30 30 30 30 30 30 30 6b 67 0d 0a 53 54 2c 47 53 2c 2b 30 30 30 30 30 30 30 6b 67 0d 0a 53 54 2c 47 53 2c 2b 30 30 30 30 30 30 30 6b 67 0d 0a 53 54 2c 47 53 2c 2b 30 30 30 30 30 30 30 6b 67 0d 0a 53 54 2c 47 53 2c 2b 30 30 30 30 30 30 30 6b 67 0d 0a 53 54 2c 47 53 2c 2b 30 30 30 30 30 30 30 6b 67 0d 0a 53 54 2c 47 53 2c 2b 30 30 30 30 30 30 30 6b 67 0d 0a
[2026-06-09 07:27:45.133]   ascii: '000000kg\r\nST,GS,+0000000kg\r\nST,GS,+0000000kg\r\nST,GS,+0000000kg\r\nST,GS,+0000000kg\r\nST,GS,+0000000kg\r\nST,GS,+0000000kg\r\nST,GS,+0000000kg\r\nST,GS,+0000000kg\r\nST,GS,+0000000kg\r\nST,GS,+0000000kg\r\nST,GS,+0000000kg\r\nST,GS,+0000000kg\r\nST,GS,+0000000kg\r\nST,GS,+0000000kg\r\nST,GS,+0000000kg\r\n'
[2026-06-09 07:27:45.336] BLOCO RECEBIDO #2
[2026-06-09 07:27:45.339]   bytes: 4
[2026-06-09 07:27:45.340]   raw repr: b'ST,G'
[2026-06-09 07:27:45.340]   hex: 53 54 2c 47
[2026-06-09 07:27:45.341]   ascii: 'ST,G'
[2026-06-09 07:27:45.393] BLOCO RECEBIDO #3
[2026-06-09 07:27:45.394]   bytes: 14
[2026-06-09 07:27:45.395]   raw repr: b'S,+0000000kg\r\n'
[2026-06-09 07:27:45.396]   hex: 53 2c 2b 30 30 30 30 30 30 30 6b 67 0d 0a
[2026-06-09 07:27:45.397]   ascii: 'S,+0000000kg\r\n'
[2026-06-09 07:27:45.699] BLOCO RECEBIDO #4
[2026-06-09 07:27:45.701]   bytes: 18
[2026-06-09 07:27:45.705]   raw repr: b'ST,GS,+0000000kg\r\n'
[2026-06-09 07:27:45.707]   hex: 53 54 2c 47 53 2c 2b 30 30 30 30 30 30 30 6b 67 0d 0a
[2026-06-09 07:27:45.709]   ascii: 'ST,GS,+0000000kg\r\n'
[2026-06-09 07:27:46.065] BLOCO RECEBIDO #5
[2026-06-09 07:27:46.065]   bytes: 18
[2026-06-09 07:27:46.067]   raw repr: b'ST,GS,+0000000kg\r\n'
[2026-06-09 07:27:46.068]   hex: 53 54 2c 47 53 2c 2b 30 30 30 30 30 30 30 6b 67 0d 0a
[2026-06-09 07:27:46.069]   ascii: 'ST,GS,+0000000kg\r\n'
[2026-06-09 07:27:46.376] BLOCO RECEBIDO #6
[2026-06-09 07:27:46.378]   bytes: 18
[2026-06-09 07:27:46.380]   raw repr: b'ST,GS,+0000000kg\r\n'
[2026-06-09 07:27:46.380]   hex: 53 54 2c 47 53 2c 2b 30 30 30 30 30 30 30 6b 67 0d 0a
[2026-06-09 07:27:46.381]   ascii: 'ST,GS,+0000000kg\r\n'
[2026-06-09 07:27:46.685] BLOCO RECEBIDO #7
[2026-06-09 07:27:46.697]   bytes: 9
[2026-06-09 07:27:46.706]   raw repr: b'ST,GS,+00'
[2026-06-09 07:27:46.709]   hex: 53 54 2c 47 53 2c 2b 30 30
[2026-06-09 07:27:46.712]   ascii: 'ST,GS,+00'
[2026-06-09 07:27:46.766] BLOCO RECEBIDO #8
[2026-06-09 07:27:46.767]   bytes: 9
[2026-06-09 07:27:46.768]   raw repr: b'00000kg\r\n'
[2026-06-09 07:27:46.769]   hex: 30 30 30 30 30 6b 67 0d 0a
[2026-06-09 07:27:46.771]   ascii: '00000kg\r\n'
[2026-06-09 07:27:47.025] BLOCO RECEBIDO #9
[2026-06-09 07:27:47.028]   bytes: 18
[2026-06-09 07:27:47.029]   raw repr: b'ST,GS,+0000000kg\r\n'
[2026-06-09 07:27:47.031]   hex: 53 54 2c 47 53 2c 2b 30 30 30 30 30 30 30 6b 67 0d 0a
[2026-06-09 07:27:47.032]   ascii: 'ST,GS,+0000000kg\r\n'
[2026-06-09 07:27:47.134] Fim da janela. Total recebido: 388 bytes em 9 blocos.
[2026-06-09 07:27:47.136] STATUS SERIAL | is_open=True | in_waiting=0 | out_waiting=0 | CTS=False | DSR=False | RI=False | CD=False
[2026-06-09 07:27:47.139] Dados recebidos neste ciclo.
[2026-06-09 07:27:47.141] Total de bytes mudou em relação ao ciclo anterior: anterior=368, atual=388
[2026-06-09 07:27:47.142] Aguardando 5 segundos até próximo ciclo...
[2026-06-09 07:27:52.144] --------------------------------------
[2026-06-09 07:27:52.146] CICLO 17
[2026-06-09 07:27:52.147] Iniciando janela de leitura de 2 segundos...
[2026-06-09 07:27:52.148] STATUS SERIAL | is_open=True | in_waiting=270 | out_waiting=0 | CTS=False | DSR=False | RI=False | CD=False
[2026-06-09 07:27:52.149] BLOCO RECEBIDO #1
[2026-06-09 07:27:52.150]   bytes: 270
[2026-06-09 07:27:52.151]   raw repr: b'ST,GS,+0000000kg\r\nST,GS,+0000000kg\r\nST,GS,+0000000kg\r\nST,GS,+0000000kg\r\nST,GS,+0000000kg\r\nST,GS,+0000000kg\r\nST,GS,+0000000kg\r\nST,GS,+0000000kg\r\nST,GS,+0000000kg\r\nST,GS,+0000000kg\r\nST,GS,+0000000kg\r\nST,GS,+0000000kg\r\nST,GS,+0000000kg\r\nST,GS,+0000000kg\r\nST,GS,+0000000kg\r\n'
[2026-06-09 07:27:52.152]   hex: 53 54 2c 47 53 2c 2b 30 30 30 30 30 30 30 6b 67 0d 0a 53 54 2c 47 53 2c 2b 30 30 30 30 30 30 30 6b 67 0d 0a 53 54 2c 47 53 2c 2b 30 30 30 30 30 30 30 6b 67 0d 0a 53 54 2c 47 53 2c 2b 30 30 30 30 30 30 30 6b 67 0d 0a 53 54 2c 47 53 2c 2b 30 30 30 30 30 30 30 6b 67 0d 0a 53 54 2c 47 53 2c 2b 30 30 30 30 30 30 30 6b 67 0d 0a 53 54 2c 47 53 2c 2b 30 30 30 30 30 30 30 6b 67 0d 0a 53 54 2c 47 53 2c 2b 30 30 30 30 30 30 30 6b 67 0d 0a 53 54 2c 47 53 2c 2b 30 30 30 30 30 30 30 6b 67 0d 0a 53 54 2c 47 53 2c 2b 30 30 30 30 30 30 30 6b 67 0d 0a 53 54 2c 47 53 2c 2b 30 30 30 30 30 30 30 6b 67 0d 0a 53 54 2c 47 53 2c 2b 30 30 30 30 30 30 30 6b 67 0d 0a 53 54 2c 47 53 2c 2b 30 30 30 30 30 30 30 6b 67 0d 0a 53 54 2c 47 53 2c 2b 30 30 30 30 30 30 30 6b 67 0d 0a 53 54 2c 47 53 2c 2b 30 30 30 30 30 30 30 6b 67 0d 0a
[2026-06-09 07:27:52.153]   ascii: 'ST,GS,+0000000kg\r\nST,GS,+0000000kg\r\nST,GS,+0000000kg\r\nST,GS,+0000000kg\r\nST,GS,+0000000kg\r\nST,GS,+0000000kg\r\nST,GS,+0000000kg\r\nST,GS,+0000000kg\r\nST,GS,+0000000kg\r\nST,GS,+0000000kg\r\nST,GS,+0000000kg\r\nST,GS,+0000000kg\r\nST,GS,+0000000kg\r\nST,GS,+0000000kg\r\nST,GS,+0000000kg\r\n'
[2026-06-09 07:27:52.356] BLOCO RECEBIDO #2
[2026-06-09 07:27:52.357]   bytes: 18
[2026-06-09 07:27:52.358]   raw repr: b'ST,GS,+0000000kg\r\n'
[2026-06-09 07:27:52.359]   hex: 53 54 2c 47 53 2c 2b 30 30 30 30 30 30 30 6b 67 0d 0a
[2026-06-09 07:27:52.362]   ascii: 'ST,GS,+0000000kg\r\n'
[2026-06-09 07:27:52.717] BLOCO RECEBIDO #3
[2026-06-09 07:27:52.718]   bytes: 18
[2026-06-09 07:27:52.720]   raw repr: b'ST,GS,+0000000kg\r\n'
[2026-06-09 07:27:52.721]   hex: 53 54 2c 47 53 2c 2b 30 30 30 30 30 30 30 6b 67 0d 0a
[2026-06-09 07:27:52.722]   ascii: 'ST,GS,+0000000kg\r\n'
[2026-06-09 07:27:53.028] BLOCO RECEBIDO #4
[2026-06-09 07:27:53.029]   bytes: 18
[2026-06-09 07:27:53.031]   raw repr: b'ST,GS,+0000000kg\r\n'
[2026-06-09 07:27:53.032]   hex: 53 54 2c 47 53 2c 2b 30 30 30 30 30 30 30 6b 67 0d 0a
[2026-06-09 07:27:53.033]   ascii: 'ST,GS,+0000000kg\r\n'
[2026-06-09 07:27:53.365] BLOCO RECEBIDO #5
[2026-06-09 07:27:53.368]   bytes: 10
[2026-06-09 07:27:53.404]   raw repr: b'ST,GS,+000'
[2026-06-09 07:27:53.441]   hex: 53 54 2c 47 53 2c 2b 30 30 30
[2026-06-09 07:27:53.469]   ascii: 'ST,GS,+000'
[2026-06-09 07:27:53.521] BLOCO RECEBIDO #6
[2026-06-09 07:27:53.522]   bytes: 8
[2026-06-09 07:27:53.523]   raw repr: b'0000kg\r\n'
[2026-06-09 07:27:53.525]   hex: 30 30 30 30 6b 67 0d 0a
[2026-06-09 07:27:53.526]   ascii: '0000kg\r\n'
[2026-06-09 07:27:53.683] BLOCO RECEBIDO #7
[2026-06-09 07:27:53.688]   bytes: 7
[2026-06-09 07:27:53.690]   raw repr: b'ST,GS,+'
[2026-06-09 07:27:53.700]   hex: 53 54 2c 47 53 2c 2b
[2026-06-09 07:27:53.708]   ascii: 'ST,GS,+'
[2026-06-09 07:27:53.767] BLOCO RECEBIDO #8
[2026-06-09 07:27:53.770]   bytes: 11
[2026-06-09 07:27:53.775]   raw repr: b'0000000kg\r\n'
[2026-06-09 07:27:53.787]   hex: 30 30 30 30 30 30 30 6b 67 0d 0a
[2026-06-09 07:27:53.790]   ascii: '0000000kg\r\n'
[2026-06-09 07:27:54.025] BLOCO RECEBIDO #9
[2026-06-09 07:27:54.029]   bytes: 18
[2026-06-09 07:27:54.031]   raw repr: b'ST,GS,+0000000kg\r\n'
[2026-06-09 07:27:54.034]   hex: 53 54 2c 47 53 2c 2b 30 30 30 30 30 30 30 6b 67 0d 0a
[2026-06-09 07:27:54.036]   ascii: 'ST,GS,+0000000kg\r\n'
[2026-06-09 07:27:54.190] Fim da janela. Total recebido: 378 bytes em 9 blocos.
[2026-06-09 07:27:54.192] STATUS SERIAL | is_open=True | in_waiting=0 | out_waiting=0 | CTS=False | DSR=False | RI=False | CD=False
[2026-06-09 07:27:54.193] Dados recebidos neste ciclo.
[2026-06-09 07:27:54.195] Total de bytes mudou em relação ao ciclo anterior: anterior=388, atual=378
[2026-06-09 07:27:54.197] Aguardando 5 segundos até próximo ciclo...
[2026-06-09 07:27:59.198] --------------------------------------
[2026-06-09 07:27:59.201] CICLO 18
[2026-06-09 07:27:59.202] Iniciando janela de leitura de 2 segundos...
[2026-06-09 07:27:59.204] STATUS SERIAL | is_open=True | in_waiting=270 | out_waiting=0 | CTS=False | DSR=False | RI=False | CD=False
[2026-06-09 07:27:59.206] BLOCO RECEBIDO #1
[2026-06-09 07:27:59.207]   bytes: 270
[2026-06-09 07:27:59.208]   raw repr: b'ST,GS,+0000000kg\r\nST,GS,+0000000kg\r\nST,GS,+0000000kg\r\nST,GS,+0000000kg\r\nST,GS,+0000000kg\r\nST,GS,+0000000kg\r\nST,GS,+0000000kg\r\nST,GS,+0000000kg\r\nST,GS,+0000000kg\r\nST,GS,+0000000kg\r\nST,GS,+0000000kg\r\nST,GS,+0000000kg\r\nST,GS,+0000000kg\r\nST,GS,+0000000kg\r\nST,GS,+0000000kg\r\n'
[2026-06-09 07:27:59.210]   hex: 53 54 2c 47 53 2c 2b 30 30 30 30 30 30 30 6b 67 0d 0a 53 54 2c 47 53 2c 2b 30 30 30 30 30 30 30 6b 67 0d 0a 53 54 2c 47 53 2c 2b 30 30 30 30 30 30 30 6b 67 0d 0a 53 54 2c 47 53 2c 2b 30 30 30 30 30 30 30 6b 67 0d 0a 53 54 2c 47 53 2c 2b 30 30 30 30 30 30 30 6b 67 0d 0a 53 54 2c 47 53 2c 2b 30 30 30 30 30 30 30 6b 67 0d 0a 53 54 2c 47 53 2c 2b 30 30 30 30 30 30 30 6b 67 0d 0a 53 54 2c 47 53 2c 2b 30 30 30 30 30 30 30 6b 67 0d 0a 53 54 2c 47 53 2c 2b 30 30 30 30 30 30 30 6b 67 0d 0a 53 54 2c 47 53 2c 2b 30 30 30 30 30 30 30 6b 67 0d 0a 53 54 2c 47 53 2c 2b 30 30 30 30 30 30 30 6b 67 0d 0a 53 54 2c 47 53 2c 2b 30 30 30 30 30 30 30 6b 67 0d 0a 53 54 2c 47 53 2c 2b 30 30 30 30 30 30 30 6b 67 0d 0a 53 54 2c 47 53 2c 2b 30 30 30 30 30 30 30 6b 67 0d 0a 53 54 2c 47 53 2c 2b 30 30 30 30 30 30 30 6b 67 0d 0a
[2026-06-09 07:27:59.212]   ascii: 'ST,GS,+0000000kg\r\nST,GS,+0000000kg\r\nST,GS,+0000000kg\r\nST,GS,+0000000kg\r\nST,GS,+0000000kg\r\nST,GS,+0000000kg\r\nST,GS,+0000000kg\r\nST,GS,+0000000kg\r\nST,GS,+0000000kg\r\nST,GS,+0000000kg\r\nST,GS,+0000000kg\r\nST,GS,+0000000kg\r\nST,GS,+0000000kg\r\nST,GS,+0000000kg\r\nST,GS,+0000000kg\r\n'
[2026-06-09 07:27:59.365] BLOCO RECEBIDO #2
[2026-06-09 07:27:59.368]   bytes: 18
[2026-06-09 07:27:59.369]   raw repr: b'ST,GS,+0000000kg\r\n'
[2026-06-09 07:27:59.370]   hex: 53 54 2c 47 53 2c 2b 30 30 30 30 30 30 30 6b 67 0d 0a
[2026-06-09 07:27:59.372]   ascii: 'ST,GS,+0000000kg\r\n'
[2026-06-09 07:27:59.678] BLOCO RECEBIDO #3
[2026-06-09 07:27:59.679]   bytes: 14
[2026-06-09 07:27:59.681]   raw repr: b'ST,GS,+0000000'
[2026-06-09 07:27:59.684]   hex: 53 54 2c 47 53 2c 2b 30 30 30 30 30 30 30
[2026-06-09 07:27:59.686]   ascii: 'ST,GS,+0000000'
[2026-06-09 07:27:59.738] BLOCO RECEBIDO #4
[2026-06-09 07:27:59.739]   bytes: 4
[2026-06-09 07:27:59.740]   raw repr: b'kg\r\n'
[2026-06-09 07:27:59.742]   hex: 6b 67 0d 0a
[2026-06-09 07:27:59.744]   ascii: 'kg\r\n'
[2026-06-09 07:28:00.019] BLOCO RECEBIDO #5
[2026-06-09 07:28:00.053]   bytes: 2
[2026-06-09 07:28:00.071]   raw repr: b'ST'
[2026-06-09 07:28:00.095]   hex: 53 54
[2026-06-09 07:28:00.128]   ascii: 'ST'
[2026-06-09 07:28:00.187] BLOCO RECEBIDO #6
[2026-06-09 07:28:00.211]   bytes: 16
[2026-06-09 07:28:00.214]   raw repr: b',GS,+0000000kg\r\n'
[2026-06-09 07:28:00.215]   hex: 2c 47 53 2c 2b 30 30 30 30 30 30 30 6b 67 0d 0a
[2026-06-09 07:28:00.216]   ascii: ',GS,+0000000kg\r\n'
[2026-06-09 07:28:00.419] BLOCO RECEBIDO #7
[2026-06-09 07:28:00.420]   bytes: 18
[2026-06-09 07:28:00.421]   raw repr: b'ST,GS,+0000000kg\r\n'
[2026-06-09 07:28:00.423]   hex: 53 54 2c 47 53 2c 2b 30 30 30 30 30 30 30 6b 67 0d 0a
[2026-06-09 07:28:00.424]   ascii: 'ST,GS,+0000000kg\r\n'
[2026-06-09 07:28:00.679] BLOCO RECEBIDO #8
[2026-06-09 07:28:00.680]   bytes: 11
[2026-06-09 07:28:00.681]   raw repr: b'ST,GS,+0000'
[2026-06-09 07:28:00.682]   hex: 53 54 2c 47 53 2c 2b 30 30 30 30
[2026-06-09 07:28:00.684]   ascii: 'ST,GS,+0000'
[2026-06-09 07:28:00.767] BLOCO RECEBIDO #9
[2026-06-09 07:28:00.776]   bytes: 7
[2026-06-09 07:28:00.786]   raw repr: b'000kg\r\n'
[2026-06-09 07:28:00.804]   hex: 30 30 30 6b 67 0d 0a
[2026-06-09 07:28:00.816]   ascii: '000kg\r\n'
[2026-06-09 07:28:01.041] BLOCO RECEBIDO #10
[2026-06-09 07:28:01.043]   bytes: 18
[2026-06-09 07:28:01.046]   raw repr: b'ST,GS,+0000000kg\r\n'
[2026-06-09 07:28:01.048]   hex: 53 54 2c 47 53 2c 2b 30 30 30 30 30 30 30 6b 67 0d 0a
[2026-06-09 07:28:01.050]   ascii: 'ST,GS,+0000000kg\r\n'
[2026-06-09 07:28:01.205] Fim da janela. Total recebido: 378 bytes em 10 blocos.
[2026-06-09 07:28:01.206] STATUS SERIAL | is_open=True | in_waiting=0 | out_waiting=0 | CTS=False | DSR=False | RI=False | CD=False
[2026-06-09 07:28:01.207] Dados recebidos neste ciclo.
[2026-06-09 07:28:01.209] Total de bytes igual ao ciclo anterior: 378
[2026-06-09 07:28:01.210] Aguardando 5 segundos até próximo ciclo...
[2026-06-09 07:28:06.211] --------------------------------------
[2026-06-09 07:28:06.211] CICLO 19
[2026-06-09 07:28:06.213] Iniciando janela de leitura de 2 segundos...
[2026-06-09 07:28:06.214] STATUS SERIAL | is_open=True | in_waiting=270 | out_waiting=0 | CTS=False | DSR=False | RI=False | CD=False
[2026-06-09 07:28:06.215] BLOCO RECEBIDO #1
[2026-06-09 07:28:06.216]   bytes: 270
[2026-06-09 07:28:06.217]   raw repr: b'ST,GS,+0000000kg\r\nST,GS,+0000000kg\r\nST,GS,+0000000kg\r\nST,GS,+0000000kg\r\nST,GS,+0000000kg\r\nST,GS,+0000000kg\r\nST,GS,+0000000kg\r\nST,GS,+0000000kg\r\nST,GS,+0000000kg\r\nST,GS,+0000000kg\r\nST,GS,+0000000kg\r\nST,GS,+0000000kg\r\nST,GS,+0000000kg\r\nST,GS,+0000000kg\r\nST,GS,+0000000kg\r\n'
[2026-06-09 07:28:06.218]   hex: 53 54 2c 47 53 2c 2b 30 30 30 30 30 30 30 6b 67 0d 0a 53 54 2c 47 53 2c 2b 30 30 30 30 30 30 30 6b 67 0d 0a 53 54 2c 47 53 2c 2b 30 30 30 30 30 30 30 6b 67 0d 0a 53 54 2c 47 53 2c 2b 30 30 30 30 30 30 30 6b 67 0d 0a 53 54 2c 47 53 2c 2b 30 30 30 30 30 30 30 6b 67 0d 0a 53 54 2c 47 53 2c 2b 30 30 30 30 30 30 30 6b 67 0d 0a 53 54 2c 47 53 2c 2b 30 30 30 30 30 30 30 6b 67 0d 0a 53 54 2c 47 53 2c 2b 30 30 30 30 30 30 30 6b 67 0d 0a 53 54 2c 47 53 2c 2b 30 30 30 30 30 30 30 6b 67 0d 0a 53 54 2c 47 53 2c 2b 30 30 30 30 30 30 30 6b 67 0d 0a 53 54 2c 47 53 2c 2b 30 30 30 30 30 30 30 6b 67 0d 0a 53 54 2c 47 53 2c 2b 30 30 30 30 30 30 30 6b 67 0d 0a 53 54 2c 47 53 2c 2b 30 30 30 30 30 30 30 6b 67 0d 0a 53 54 2c 47 53 2c 2b 30 30 30 30 30 30 30 6b 67 0d 0a 53 54 2c 47 53 2c 2b 30 30 30 30 30 30 30 6b 67 0d 0a
[2026-06-09 07:28:06.219]   ascii: 'ST,GS,+0000000kg\r\nST,GS,+0000000kg\r\nST,GS,+0000000kg\r\nST,GS,+0000000kg\r\nST,GS,+0000000kg\r\nST,GS,+0000000kg\r\nST,GS,+0000000kg\r\nST,GS,+0000000kg\r\nST,GS,+0000000kg\r\nST,GS,+0000000kg\r\nST,GS,+0000000kg\r\nST,GS,+0000000kg\r\nST,GS,+0000000kg\r\nST,GS,+0000000kg\r\nST,GS,+0000000kg\r\n'
[2026-06-09 07:28:06.372] BLOCO RECEBIDO #2
[2026-06-09 07:28:06.373]   bytes: 18
[2026-06-09 07:28:06.375]   raw repr: b'ST,GS,+0000000kg\r\n'
[2026-06-09 07:28:06.376]   hex: 53 54 2c 47 53 2c 2b 30 30 30 30 30 30 30 6b 67 0d 0a
[2026-06-09 07:28:06.377]   ascii: 'ST,GS,+0000000kg\r\n'
[2026-06-09 07:28:06.682] BLOCO RECEBIDO #3
[2026-06-09 07:28:06.682]   bytes: 8
[2026-06-09 07:28:06.684]   raw repr: b'ST,GS,+0'
[2026-06-09 07:28:06.685]   hex: 53 54 2c 47 53 2c 2b 30
[2026-06-09 07:28:06.686]   ascii: 'ST,GS,+0'
[2026-06-09 07:28:06.839] BLOCO RECEBIDO #4
[2026-06-09 07:28:06.842]   bytes: 10
[2026-06-09 07:28:06.844]   raw repr: b'000000kg\r\n'
[2026-06-09 07:28:06.845]   hex: 30 30 30 30 30 30 6b 67 0d 0a
[2026-06-09 07:28:06.846]   ascii: '000000kg\r\n'
[2026-06-09 07:28:06.999] BLOCO RECEBIDO #5
[2026-06-09 07:28:07.000]   bytes: 1
[2026-06-09 07:28:07.001]   raw repr: b'S'
[2026-06-09 07:28:07.003]   hex: 53
[2026-06-09 07:28:07.003]   ascii: 'S'
[2026-06-09 07:28:07.055] BLOCO RECEBIDO #6
[2026-06-09 07:28:07.055]   bytes: 17
[2026-06-09 07:28:07.057]   raw repr: b'T,GS,+0000000kg\r\n'
[2026-06-09 07:28:07.059]   hex: 54 2c 47 53 2c 2b 30 30 30 30 30 30 30 6b 67 0d 0a
[2026-06-09 07:28:07.060]   ascii: 'T,GS,+0000000kg\r\n'
[2026-06-09 07:28:07.364] BLOCO RECEBIDO #7
[2026-06-09 07:28:07.364]   bytes: 18
[2026-06-09 07:28:07.366]   raw repr: b'ST,GS,+0000000kg\r\n'
[2026-06-09 07:28:07.367]   hex: 53 54 2c 47 53 2c 2b 30 30 30 30 30 30 30 6b 67 0d 0a
[2026-06-09 07:28:07.368]   ascii: 'ST,GS,+0000000kg\r\n'
[2026-06-09 07:28:07.724] BLOCO RECEBIDO #8
[2026-06-09 07:28:07.725]   bytes: 18
[2026-06-09 07:28:07.726]   raw repr: b'ST,GS,+0000000kg\r\n'
[2026-06-09 07:28:07.728]   hex: 53 54 2c 47 53 2c 2b 30 30 30 30 30 30 30 6b 67 0d 0a
[2026-06-09 07:28:07.728]   ascii: 'ST,GS,+0000000kg\r\n'
[2026-06-09 07:28:08.034] BLOCO RECEBIDO #9
[2026-06-09 07:28:08.035]   bytes: 18
[2026-06-09 07:28:08.036]   raw repr: b'ST,GS,+0000000kg\r\n'
[2026-06-09 07:28:08.038]   hex: 53 54 2c 47 53 2c 2b 30 30 30 30 30 30 30 6b 67 0d 0a
[2026-06-09 07:28:08.039]   ascii: 'ST,GS,+0000000kg\r\n'
[2026-06-09 07:28:08.242] Fim da janela. Total recebido: 378 bytes em 9 blocos.
[2026-06-09 07:28:08.243] STATUS SERIAL | is_open=True | in_waiting=0 | out_waiting=0 | CTS=False | DSR=False | RI=False | CD=False
[2026-06-09 07:28:08.244] Dados recebidos neste ciclo.
[2026-06-09 07:28:08.246] Total de bytes igual ao ciclo anterior: 378
[2026-06-09 07:28:08.246] Aguardando 5 segundos até próximo ciclo...
[2026-06-09 07:28:13.248] --------------------------------------
[2026-06-09 07:28:13.253] CICLO 20
[2026-06-09 07:28:13.257] Iniciando janela de leitura de 2 segundos...
[2026-06-09 07:28:13.261] STATUS SERIAL | is_open=True | in_waiting=270 | out_waiting=0 | CTS=False | DSR=False | RI=False | CD=False
[2026-06-09 07:28:13.267] BLOCO RECEBIDO #1
[2026-06-09 07:28:13.269]   bytes: 270
[2026-06-09 07:28:13.271]   raw repr: b'ST,GS,+0000000kg\r\nST,GS,+0000000kg\r\nST,GS,+0000000kg\r\nST,GS,+0000000kg\r\nST,GS,+0000000kg\r\nST,GS,+0000000kg\r\nST,GS,+0000000kg\r\nST,GS,+0000000kg\r\nST,GS,+0000000kg\r\nST,GS,+0000000kg\r\nST,GS,+0000000kg\r\nST,GS,+0000000kg\r\nST,GS,+0000000kg\r\nST,GS,+0000000kg\r\nST,GS,+0000000kg\r\n'
[2026-06-09 07:28:13.274]   hex: 53 54 2c 47 53 2c 2b 30 30 30 30 30 30 30 6b 67 0d 0a 53 54 2c 47 53 2c 2b 30 30 30 30 30 30 30 6b 67 0d 0a 53 54 2c 47 53 2c 2b 30 30 30 30 30 30 30 6b 67 0d 0a 53 54 2c 47 53 2c 2b 30 30 30 30 30 30 30 6b 67 0d 0a 53 54 2c 47 53 2c 2b 30 30 30 30 30 30 30 6b 67 0d 0a 53 54 2c 47 53 2c 2b 30 30 30 30 30 30 30 6b 67 0d 0a 53 54 2c 47 53 2c 2b 30 30 30 30 30 30 30 6b 67 0d 0a 53 54 2c 47 53 2c 2b 30 30 30 30 30 30 30 6b 67 0d 0a 53 54 2c 47 53 2c 2b 30 30 30 30 30 30 30 6b 67 0d 0a 53 54 2c 47 53 2c 2b 30 30 30 30 30 30 30 6b 67 0d 0a 53 54 2c 47 53 2c 2b 30 30 30 30 30 30 30 6b 67 0d 0a 53 54 2c 47 53 2c 2b 30 30 30 30 30 30 30 6b 67 0d 0a 53 54 2c 47 53 2c 2b 30 30 30 30 30 30 30 6b 67 0d 0a 53 54 2c 47 53 2c 2b 30 30 30 30 30 30 30 6b 67 0d 0a 53 54 2c 47 53 2c 2b 30 30 30 30 30 30 30 6b 67 0d 0a
[2026-06-09 07:28:13.276]   ascii: 'ST,GS,+0000000kg\r\nST,GS,+0000000kg\r\nST,GS,+0000000kg\r\nST,GS,+0000000kg\r\nST,GS,+0000000kg\r\nST,GS,+0000000kg\r\nST,GS,+0000000kg\r\nST,GS,+0000000kg\r\nST,GS,+0000000kg\r\nST,GS,+0000000kg\r\nST,GS,+0000000kg\r\nST,GS,+0000000kg\r\nST,GS,+0000000kg\r\nST,GS,+0000000kg\r\nST,GS,+0000000kg\r\n'
[2026-06-09 07:28:13.333] BLOCO RECEBIDO #2
[2026-06-09 07:28:13.334]   bytes: 5
[2026-06-09 07:28:13.336]   raw repr: b'ST,GS'
[2026-06-09 07:28:13.337]   hex: 53 54 2c 47 53
[2026-06-09 07:28:13.338]   ascii: 'ST,GS'
[2026-06-09 07:28:13.389] BLOCO RECEBIDO #3
[2026-06-09 07:28:13.390]   bytes: 13
[2026-06-09 07:28:13.391]   raw repr: b',+0000000kg\r\n'
[2026-06-09 07:28:13.392]   hex: 2c 2b 30 30 30 30 30 30 30 6b 67 0d 0a
[2026-06-09 07:28:13.394]   ascii: ',+0000000kg\r\n'
[2026-06-09 07:28:13.697] BLOCO RECEBIDO #4
[2026-06-09 07:28:13.699]   bytes: 8
[2026-06-09 07:28:13.703]   raw repr: b'ST,GS,+0'
[2026-06-09 07:28:13.705]   hex: 53 54 2c 47 53 2c 2b 30
[2026-06-09 07:28:13.708]   ascii: 'ST,GS,+0'
[2026-06-09 07:28:13.761] BLOCO RECEBIDO #5
[2026-06-09 07:28:13.762]   bytes: 10
[2026-06-09 07:28:13.765]   raw repr: b'000000kg\r\n'
[2026-06-09 07:28:13.767]   hex: 30 30 30 30 30 30 6b 67 0d 0a
[2026-06-09 07:28:13.770]   ascii: '000000kg\r\n'
[2026-06-09 07:28:14.023] BLOCO RECEBIDO #6
[2026-06-09 07:28:14.026]   bytes: 9
[2026-06-09 07:28:14.030]   raw repr: b'ST,GS,+00'
[2026-06-09 07:28:14.036]   hex: 53 54 2c 47 53 2c 2b 30 30
[2026-06-09 07:28:14.040]   ascii: 'ST,GS,+00'
[2026-06-09 07:28:14.093] BLOCO RECEBIDO #7
[2026-06-09 07:28:14.094]   bytes: 9
[2026-06-09 07:28:14.096]   raw repr: b'00000kg\r\n'
[2026-06-09 07:28:14.099]   hex: 30 30 30 30 30 6b 67 0d 0a
[2026-06-09 07:28:14.100]   ascii: '00000kg\r\n'
[2026-06-09 07:28:14.354] BLOCO RECEBIDO #8
[2026-06-09 07:28:14.355]   bytes: 17
[2026-06-09 07:28:14.357]   raw repr: b'ST,GS,+0000000kg\r'
[2026-06-09 07:28:14.358]   hex: 53 54 2c 47 53 2c 2b 30 30 30 30 30 30 30 6b 67 0d
[2026-06-09 07:28:14.360]   ascii: 'ST,GS,+0000000kg\r'
[2026-06-09 07:28:14.411] BLOCO RECEBIDO #9
[2026-06-09 07:28:14.412]   bytes: 1
[2026-06-09 07:28:14.415]   raw repr: b'\n'
[2026-06-09 07:28:14.417]   hex: 0a
[2026-06-09 07:28:14.420]   ascii: '\n'
[2026-06-09 07:28:14.673] BLOCO RECEBIDO #10
[2026-06-09 07:28:14.674]   bytes: 5
[2026-06-09 07:28:14.679]   raw repr: b'ST,GS'
[2026-06-09 07:28:14.682]   hex: 53 54 2c 47 53
[2026-06-09 07:28:14.686]   ascii: 'ST,GS'
[2026-06-09 07:28:14.738] BLOCO RECEBIDO #11
[2026-06-09 07:28:14.741]   bytes: 13
[2026-06-09 07:28:14.744]   raw repr: b',+0000000kg\r\n'
[2026-06-09 07:28:14.747]   hex: 2c 2b 30 30 30 30 30 30 30 6b 67 0d 0a
[2026-06-09 07:28:14.750]   ascii: ',+0000000kg\r\n'
[2026-06-09 07:28:15.006] BLOCO RECEBIDO #12
[2026-06-09 07:28:15.008]   bytes: 7
[2026-06-09 07:28:15.013]   raw repr: b'ST,GS,+'
[2026-06-09 07:28:15.017]   hex: 53 54 2c 47 53 2c 2b
[2026-06-09 07:28:15.024]   ascii: 'ST,GS,+'
[2026-06-09 07:28:15.081] BLOCO RECEBIDO #13
[2026-06-09 07:28:15.084]   bytes: 11
[2026-06-09 07:28:15.085]   raw repr: b'0000000kg\r\n'
[2026-06-09 07:28:15.087]   hex: 30 30 30 30 30 30 30 6b 67 0d 0a
[2026-06-09 07:28:15.088]   ascii: '0000000kg\r\n'
[2026-06-09 07:28:15.291] Fim da janela. Total recebido: 378 bytes em 13 blocos.
[2026-06-09 07:28:15.292] STATUS SERIAL | is_open=True | in_waiting=0 | out_waiting=0 | CTS=False | DSR=False | RI=False | CD=False
[2026-06-09 07:28:15.295] Dados recebidos neste ciclo.
[2026-06-09 07:28:15.296] Total de bytes igual ao ciclo anterior: 378
[2026-06-09 07:28:15.297] Aguardando 5 segundos até próximo ciclo...
[2026-06-09 07:28:20.298] --------------------------------------
[2026-06-09 07:28:20.299] CICLO 21
[2026-06-09 07:28:20.301] Iniciando janela de leitura de 2 segundos...
[2026-06-09 07:28:20.302] STATUS SERIAL | is_open=True | in_waiting=270 | out_waiting=0 | CTS=False | DSR=False | RI=False | CD=False
[2026-06-09 07:28:20.303] BLOCO RECEBIDO #1
[2026-06-09 07:28:20.305]   bytes: 270
[2026-06-09 07:28:20.306]   raw repr: b'ST,GS,+0000000kg\r\nST,GS,+0000000kg\r\nST,GS,+0000000kg\r\nST,GS,+0000000kg\r\nST,GS,+0000000kg\r\nST,GS,+0000000kg\r\nST,GS,+0000000kg\r\nST,GS,+0000000kg\r\nST,GS,+0000000kg\r\nST,GS,+0000000kg\r\nST,GS,+0000000kg\r\nST,GS,+0000000kg\r\nST,GS,+0000000kg\r\nST,GS,+0000000kg\r\nST,GS,+0000000kg\r\n'
[2026-06-09 07:28:20.307]   hex: 53 54 2c 47 53 2c 2b 30 30 30 30 30 30 30 6b 67 0d 0a 53 54 2c 47 53 2c 2b 30 30 30 30 30 30 30 6b 67 0d 0a 53 54 2c 47 53 2c 2b 30 30 30 30 30 30 30 6b 67 0d 0a 53 54 2c 47 53 2c 2b 30 30 30 30 30 30 30 6b 67 0d 0a 53 54 2c 47 53 2c 2b 30 30 30 30 30 30 30 6b 67 0d 0a 53 54 2c 47 53 2c 2b 30 30 30 30 30 30 30 6b 67 0d 0a 53 54 2c 47 53 2c 2b 30 30 30 30 30 30 30 6b 67 0d 0a 53 54 2c 47 53 2c 2b 30 30 30 30 30 30 30 6b 67 0d 0a 53 54 2c 47 53 2c 2b 30 30 30 30 30 30 30 6b 67 0d 0a 53 54 2c 47 53 2c 2b 30 30 30 30 30 30 30 6b 67 0d 0a 53 54 2c 47 53 2c 2b 30 30 30 30 30 30 30 6b 67 0d 0a 53 54 2c 47 53 2c 2b 30 30 30 30 30 30 30 6b 67 0d 0a 53 54 2c 47 53 2c 2b 30 30 30 30 30 30 30 6b 67 0d 0a 53 54 2c 47 53 2c 2b 30 30 30 30 30 30 30 6b 67 0d 0a 53 54 2c 47 53 2c 2b 30 30 30 30 30 30 30 6b 67 0d 0a
[2026-06-09 07:28:20.308]   ascii: 'ST,GS,+0000000kg\r\nST,GS,+0000000kg\r\nST,GS,+0000000kg\r\nST,GS,+0000000kg\r\nST,GS,+0000000kg\r\nST,GS,+0000000kg\r\nST,GS,+0000000kg\r\nST,GS,+0000000kg\r\nST,GS,+0000000kg\r\nST,GS,+0000000kg\r\nST,GS,+0000000kg\r\nST,GS,+0000000kg\r\nST,GS,+0000000kg\r\nST,GS,+0000000kg\r\nST,GS,+0000000kg\r\n'
[2026-06-09 07:28:20.360] BLOCO RECEBIDO #2
[2026-06-09 07:28:20.361]   bytes: 18
[2026-06-09 07:28:20.362]   raw repr: b'ST,GS,+0000000kg\r\n'
[2026-06-09 07:28:20.363]   hex: 53 54 2c 47 53 2c 2b 30 30 30 30 30 30 30 6b 67 0d 0a
[2026-06-09 07:28:20.364]   ascii: 'ST,GS,+0000000kg\r\n'
[2026-06-09 07:28:20.667] BLOCO RECEBIDO #3
[2026-06-09 07:28:20.668]   bytes: 1
[2026-06-09 07:28:20.670]   raw repr: b'S'
[2026-06-09 07:28:20.671]   hex: 53
[2026-06-09 07:28:20.672]   ascii: 'S'
[2026-06-09 07:28:20.723] BLOCO RECEBIDO #4
[2026-06-09 07:28:20.724]   bytes: 17
[2026-06-09 07:28:20.725]   raw repr: b'T,GS,+0000000kg\r\n'
[2026-06-09 07:28:20.727]   hex: 54 2c 47 53 2c 2b 30 30 30 30 30 30 30 6b 67 0d 0a
[2026-06-09 07:28:20.727]   ascii: 'T,GS,+0000000kg\r\n'
[2026-06-09 07:28:21.031] BLOCO RECEBIDO #5
[2026-06-09 07:28:21.032]   bytes: 18
[2026-06-09 07:28:21.033]   raw repr: b'ST,GS,+0000000kg\r\n'
[2026-06-09 07:28:21.035]   hex: 53 54 2c 47 53 2c 2b 30 30 30 30 30 30 30 6b 67 0d 0a
[2026-06-09 07:28:21.036]   ascii: 'ST,GS,+0000000kg\r\n'
[2026-06-09 07:28:21.391] BLOCO RECEBIDO #6
[2026-06-09 07:28:21.397]   bytes: 18
[2026-06-09 07:28:21.398]   raw repr: b'ST,GS,+0000000kg\r\n'
[2026-06-09 07:28:21.400]   hex: 53 54 2c 47 53 2c 2b 30 30 30 30 30 30 30 6b 67 0d 0a
[2026-06-09 07:28:21.401]   ascii: 'ST,GS,+0000000kg\r\n'
[2026-06-09 07:28:21.706] BLOCO RECEBIDO #7
[2026-06-09 07:28:21.707]   bytes: 18
[2026-06-09 07:28:21.712]   raw repr: b'ST,GS,+0000000kg\r\n'
[2026-06-09 07:28:21.714]   hex: 53 54 2c 47 53 2c 2b 30 30 30 30 30 30 30 6b 67 0d 0a
[2026-06-09 07:28:21.717]   ascii: 'ST,GS,+0000000kg\r\n'
[2026-06-09 07:28:22.025] BLOCO RECEBIDO #8
[2026-06-09 07:28:22.026]   bytes: 18
[2026-06-09 07:28:22.027]   raw repr: b'ST,GS,+0000000kg\r\n'
[2026-06-09 07:28:22.028]   hex: 53 54 2c 47 53 2c 2b 30 30 30 30 30 30 30 6b 67 0d 0a
[2026-06-09 07:28:22.030]   ascii: 'ST,GS,+0000000kg\r\n'
[2026-06-09 07:28:22.335] Fim da janela. Total recebido: 378 bytes em 8 blocos.
[2026-06-09 07:28:22.341] STATUS SERIAL | is_open=True | in_waiting=2 | out_waiting=0 | CTS=False | DSR=False | RI=False | CD=False
[2026-06-09 07:28:22.343] Dados recebidos neste ciclo.
[2026-06-09 07:28:22.348] Total de bytes igual ao ciclo anterior: 378
[2026-06-09 07:28:22.351] Aguardando 5 segundos até próximo ciclo...
[2026-06-09 07:28:26.202] Interrompido pelo usuário com Ctrl+C.
[2026-06-09 07:28:26.316] Porta serial fechada no finally.
[2026-06-09 07:28:26.318] ======================================
[2026-06-09 07:28:26.323] FIM DO DEBUG
[2026-06-09 07:28:26.328] ======================================
